[Start Time] - 8/21/2012 11:25:13 AM
Input component created
Logic component created
Sound component created
Game created
PsMoveSharp Message: Initial recieve buffer size: 8192
PsMoveSharp Message: Expanded recieve buffer size: 655360
Input component initialized
Logic component initialized
Sound content has been loaded
Sound component initialized
All content loaded
Game Initialized...
Score: 0
Game calibrating sound is now playing...
Calibration: UpperLeft - {X:-700 Y:633}
Calibration: LowerLeft - {X:-681 Y:-412}
Calibration: UpperRight - {X:746 Y:686}
Calibration: LowerRight - {X:609 Y:-517}
Calibration: RightShoulder - {X:309 Y:129}
Level 1 background music is now playing


[New Target] - 0 - Right Hand - 8/21/2012 11:25:41 AM
[Duplicate Target] - 0 - Left Hand - 8/21/2012 11:25:41 AM
