[Start Time] - 8/21/2012 11:26:25 AM
Input component created
Logic component created
Sound component created
Game created
PsMoveSharp Message: Initial recieve buffer size: 8192
PsMoveSharp Message: Expanded recieve buffer size: 655360
Input component initialized
Logic component initialized
Sound content has been loaded
Sound component initialized
All content loaded
Game Initialized...
Score: 0
Game calibrating sound is now playing...
Calibration: UpperLeft - {X:-764 Y:610}
Calibration: LowerLeft - {X:-688 Y:-408}
Calibration: UpperRight - {X:699 Y:718}
Calibration: LowerRight - {X:566 Y:-525}
Calibration: RightShoulder - {X:238 Y:153}
Level 1 background music is now playing


[New Target] - 0 - Right Hand - 8/21/2012 11:26:47 AM
[Duplicate Target] - 0 - Left Hand - 8/21/2012 11:26:47 AM
Score increased sound played.
Score: 10


[New Target] - 1 - Right Hand - 8/21/2012 11:26:55 AM
[Duplicate Target] - 1 - Left Hand - 8/21/2012 11:26:55 AM
Game over
Sad 'Game Over' music is now playing...
Game shut down
Input component shut down
Sound component shut down
Logic component shut down
