[Start Time] - 8/21/2012 11:24:07 AM
Input component created
Logic component created
Sound component created
Game created
PsMoveSharp Message: Initial recieve buffer size: 8192
PsMoveSharp Message: Expanded recieve buffer size: 655360
Input component initialized
Logic component initialized
Sound content has been loaded
Sound component initialized
All content loaded
Game Initialized...
Score: 0
Game calibrating sound is now playing...
Calibration: UpperLeft - {X:1621 Y:-527}
Calibration: LowerLeft - {X:1617 Y:-508}
Calibration: UpperRight - {X:1279 Y:-178}
Calibration: LowerRight - {X:1293 Y:-156}
Calibration: RightShoulder - {X:1296 Y:-145}
Level 1 background music is now playing


[New Target] - 0 - Right Hand - 8/21/2012 11:24:29 AM
[Duplicate Target] - 0 - Left Hand - 8/21/2012 11:24:29 AM
Game over
Sad 'Game Over' music is now playing...
Game shut down
Input component shut down
Sound component shut down
Logic component shut down
