[Start Time] - 8/21/2012 1:31:48 PM
Input component created
Logic component created
Sound component created
Game created
PsMoveSharp Message: Initial recieve buffer size: 8192
PsMoveSharp Message: Expanded recieve buffer size: 655360
Input component initialized
Logic component initialized
Sound content has been loaded
Sound component initialized
All content loaded
Game Initialized...
Score: 0
Game calibrating sound is now playing...
Calibration: UpperLeft - {X:-771 Y:707}
Calibration: LowerLeft - {X:-579 Y:-481}
Calibration: UpperRight - {X:847 Y:839}
Calibration: LowerRight - {X:753 Y:-455}
Calibration: RightShoulder - {X:303 Y:323}
Level 1 background music is now playing

[New Target] - 0 - Right Hand - 8/21/2012 1:32:32 PM
Score increased sound played.
Score: 1

[New Target] - 1 - Left Hand - 8/21/2012 1:33:03 PM
Score increased sound played.
Score: 7

[New Target] - 2 - Right Hand - 8/21/2012 1:33:17 PM
Score increased sound played.
Score: 12

[New Target] - 3 - Left Hand - 8/21/2012 1:33:32 PM
Score increased sound played.
Score: 19

[New Target] - 4 - Right Hand - 8/21/2012 1:33:44 PM
Score increased sound played.
Score: 28

[New Target] - 5 - Left Hand - 8/21/2012 1:33:51 PM
Score increased sound played.
Score: 34

[New Target] - 6 - Right Hand - 8/21/2012 1:34:05 PM
Score increased sound played.
Score: 40

[New Target] - 7 - Left Hand - 8/21/2012 1:34:18 PM
Score increased sound played.
Score: 46

[New Target] - 8 - Right Hand - 8/21/2012 1:34:31 PM
Score increased sound played.
Score: 47

[New Target] - 9 - Left Hand - 8/21/2012 1:34:58 PM
Score increased sound played.
Score: 55
Game over
Sad 'Game Over' music is now playing...
Score decreased sound played.
Score: 0
Level 1 background music is now playing

[New Target] - 0 - Right Hand - 8/21/2012 1:35:33 PM
Score increased sound played.
Score: 2

[New Target] - 1 - Left Hand - 8/21/2012 1:35:55 PM
Score increased sound played.
Score: 11

[New Target] - 2 - Right Hand - 8/21/2012 1:36:03 PM
Score increased sound played.
Score: 13

[New Target] - 3 - Left Hand - 8/21/2012 1:36:24 PM
Score increased sound played.
Score: 15

[New Target] - 4 - Right Hand - 8/21/2012 1:36:46 PM
Score increased sound played.
Score: 22
Level 2 background music is now playing

[New Target] - 5 - Left Hand - 8/21/2012 1:37:00 PM
Score increased sound played.
Score: 31

[New Target] - 6 - Right Hand - 8/21/2012 1:37:13 PM
Score increased sound played.
Score: 45

[New Target] - 7 - Left Hand - 8/21/2012 1:37:19 PM
Score increased sound played.
Score: 46

[New Target] - 8 - Right Hand - 8/21/2012 1:37:46 PM
Score increased sound played.
Score: 60

[New Target] - 9 - Left Hand - 8/21/2012 1:37:52 PM
Score increased sound played.
Score: 66
Level 3 background music is now playing

[New Target] - 10 - Right Hand - 8/21/2012 1:38:11 PM
Score increased sound played.
Score: 69

[New Target] - 11 - Left Hand - 8/21/2012 1:38:34 PM
Score increased sound played.
Score: 86

[New Target] - 12 - Right Hand - 8/21/2012 1:38:42 PM
Score increased sound played.
Score: 87

[New Target] - 13 - Left Hand - 8/21/2012 1:39:17 PM
Score increased sound played.
Score: 102

[New Target] - 14 - Right Hand - 8/21/2012 1:39:27 PM
Score increased sound played.
Score: 111
Level 4 background music is now playing

[New Target] - 15 - Left Hand - 8/21/2012 1:39:45 PM
Score increased sound played.
Score: 125

[New Target] - 16 - Right Hand - 8/21/2012 1:39:59 PM
Score increased sound played.
Score: 142

[New Target] - 17 - Left Hand - 8/21/2012 1:40:11 PM
Score increased sound played.
Score: 159

[New Target] - 18 - Right Hand - 8/21/2012 1:40:22 PM
Score increased sound played.
Score: 180

[New Target] - 19 - Left Hand - 8/21/2012 1:40:31 PM
Score increased sound played.
Score: 183
Game over
Sad 'Game Over' music is now playing...
Game shut down
Input component shut down
Sound component shut down
Logic component shut down
