[Start Time] - 8/21/2012 11:42:31 AM
Input component created
Logic component created
Sound component created
Game created
PsMoveSharp Message: Initial recieve buffer size: 8192
PsMoveSharp Message: Expanded recieve buffer size: 655360
Input component initialized
Logic component initialized
Sound content has been loaded
Sound component initialized
All content loaded
Game Initialized...
Score: 0
Game calibrating sound is now playing...
Calibration: UpperLeft - {X:-414 Y:559}
Calibration: LowerLeft - {X:-289 Y:-366}
Calibration: UpperRight - {X:716 Y:610}
Calibration: LowerRight - {X:571 Y:-333}
Calibration: RightShoulder - {X:326 Y:224}
Level 1 background music is now playing


[New Target] - 0 - Right Hand - 8/21/2012 11:43:01 AM
[Duplicate Target] - 0 - Left Hand - 8/21/2012 11:43:01 AM
Score increased sound played.
Score: 1


[New Target] - 1 - Right Hand - 8/21/2012 11:43:24 AM
[Duplicate Target] - 1 - Left Hand - 8/21/2012 11:43:24 AM
Score increased sound played.
Score: 10


[New Target] - 2 - Right Hand - 8/21/2012 11:43:39 AM
[Duplicate Target] - 2 - Left Hand - 8/21/2012 11:43:39 AM


[New Target] - 3 - Right Hand - 8/21/2012 11:44:31 AM
[Duplicate Target] - 3 - Left Hand - 8/21/2012 11:44:31 AM
Score increased sound played.
Score: 20


[New Target] - 4 - Right Hand - 8/21/2012 11:44:43 AM
[Duplicate Target] - 4 - Left Hand - 8/21/2012 11:44:43 AM
Score increased sound played.
Score: 30


[New Target] - 5 - Right Hand - 8/21/2012 11:44:55 AM
[Duplicate Target] - 5 - Left Hand - 8/21/2012 11:44:55 AM
The background music is now paused...
'Game Paused' music is now playing...
Game over
Sad 'Game Over' music is now playing...
Game shut down
Input component shut down
Sound component shut down
Logic component shut down
