[Start Time] - 8/21/2012 1:16:48 PM
Input component created
Logic component created
Sound component created
Game created
PsMoveSharp Message: Initial recieve buffer size: 8192
PsMoveSharp Message: Expanded recieve buffer size: 655360
Input component initialized
Logic component initialized
Sound content has been loaded
Sound component initialized
All content loaded
Game Initialized...
Score: 0
Game calibrating sound is now playing...
Calibration: UpperLeft - {X:-581 Y:430}
Calibration: LowerLeft - {X:-615 Y:-510}
Calibration: UpperRight - {X:402 Y:385}
Calibration: LowerRight - {X:429 Y:36}
Calibration: RightShoulder - {X:62 Y:-41}
