[Start Time] - 8/21/2012 11:20:13 AM
Input component created
Logic component created
Sound component created
Game created
PsMoveSharp Message: Initial recieve buffer size: 8192
PsMoveSharp Message: Expanded recieve buffer size: 655360
Input component initialized
Logic component initialized
Sound content has been loaded
Sound component initialized
All content loaded
Game Initialized...
Score: 0
Game calibrating sound is now playing...
Calibration: UpperLeft - {X:-778 Y:589}
Calibration: LowerLeft - {X:-588 Y:-295}
Calibration: UpperRight - {X:830 Y:681}
Calibration: LowerRight - {X:699 Y:-241}
Calibration: RightShoulder - {X:178 Y:174}
Level 1 background music is now playing


[New Target] - 0 - Right Hand - 8/21/2012 11:22:10 AM
[Duplicate Target] - 0 - Left Hand - 8/21/2012 11:22:10 AM


[New Target] - 1 - Right Hand - 8/21/2012 11:22:35 AM
[Duplicate Target] - 1 - Left Hand - 8/21/2012 11:22:35 AM


[New Target] - 2 - Right Hand - 8/21/2012 11:23:07 AM
[Duplicate Target] - 2 - Left Hand - 8/21/2012 11:23:07 AM
