[Start Time] - 8/21/2012 11:57:49 AM
Input component created
Logic component created
Sound component created
Game created
PsMoveSharp Message: Initial recieve buffer size: 8192
PsMoveSharp Message: Expanded recieve buffer size: 655360
Input component initialized
Logic component initialized
Sound content has been loaded
Sound component initialized
All content loaded
Game Initialized...
Score: 0
Game calibrating sound is now playing...
Calibration: UpperLeft - {X:-740 Y:617}
Calibration: LowerLeft - {X:-717 Y:-417}
Calibration: UpperRight - {X:762 Y:616}
Calibration: LowerRight - {X:721 Y:-510}
Calibration: RightShoulder - {X:150 Y:159}
Level 1 background music is now playing


[New Target] - 0 - Right Hand - 8/21/2012 11:58:32 AM
[Duplicate Target] - 0 - Left Hand - 8/21/2012 11:58:32 AM
Score increased sound played.
Score: 4


[New Target] - 1 - Right Hand - 8/21/2012 11:58:49 AM
[Duplicate Target] - 1 - Left Hand - 8/21/2012 11:58:49 AM
Score increased sound played.
Score: 13


[New Target] - 2 - Right Hand - 8/21/2012 11:58:58 AM
[Duplicate Target] - 2 - Left Hand - 8/21/2012 11:58:58 AM
Score increased sound played.
Score: 21


[New Target] - 3 - Right Hand - 8/21/2012 11:59:07 AM
[Duplicate Target] - 3 - Left Hand - 8/21/2012 11:59:07 AM
Score increased sound played.
Score: 22


[New Target] - 4 - Right Hand - 8/21/2012 11:59:35 AM
[Duplicate Target] - 4 - Left Hand - 8/21/2012 11:59:35 AM
Game over
Sad 'Game Over' music is now playing...
Game shut down
Input component shut down
Sound component shut down
Logic component shut down
