[Start Time] - 8/21/2012 11:36:13 AM
Input component created
Logic component created
Sound component created
Game created
PsMoveSharp Message: Initial recieve buffer size: 8192
PsMoveSharp Message: Expanded recieve buffer size: 655360
Input component initialized
Logic component initialized
Sound content has been loaded
Sound component initialized
All content loaded
Game Initialized...
Score: 0
Game calibrating sound is now playing...
Calibration: UpperLeft - {X:-422 Y:564}
Calibration: LowerLeft - {X:-375 Y:-352}
Calibration: UpperRight - {X:535 Y:638}
Calibration: LowerRight - {X:404 Y:-331}
Calibration: RightShoulder - {X:151 Y:256}
Level 1 background music is now playing


[New Target] - 0 - Right Hand - 8/21/2012 11:36:45 AM
[Duplicate Target] - 0 - Left Hand - 8/21/2012 11:36:45 AM
Score increased sound played.
Score: 9


[New Target] - 1 - Right Hand - 8/21/2012 11:37:00 AM
[Duplicate Target] - 1 - Left Hand - 8/21/2012 11:37:00 AM
Score increased sound played.
Score: 11


[New Target] - 2 - Right Hand - 8/21/2012 11:37:22 AM
[Duplicate Target] - 2 - Left Hand - 8/21/2012 11:37:22 AM
Game over
Sad 'Game Over' music is now playing...
Game shut down
Input component shut down
Sound component shut down
Logic component shut down
