[Start Time] - 8/21/2012 11:41:08 AM
Input component created
Logic component created
Sound component created
Game created
PsMoveSharp Message: Initial recieve buffer size: 8192
PsMoveSharp Message: Expanded recieve buffer size: 655360
Input component initialized
Logic component initialized
Sound content has been loaded
Sound component initialized
All content loaded
Game Initialized...
Score: 0
Game calibrating sound is now playing...
Calibration: UpperLeft - {X:-434 Y:516}
Calibration: LowerLeft - {X:-282 Y:-455}
Calibration: UpperRight - {X:734 Y:592}
Calibration: LowerRight - {X:628 Y:-348}
Calibration: RightShoulder - {X:379 Y:282}
Level 1 background music is now playing


[New Target] - 0 - Right Hand - 8/21/2012 11:41:49 AM
[Duplicate Target] - 0 - Left Hand - 8/21/2012 11:41:49 AM
Game over
Sad 'Game Over' music is now playing...
