[Start Time] - 8/21/2012 11:35:03 AM
Input component created
Logic component created
Sound component created
Game created
PsMoveSharp Message: Initial recieve buffer size: 8192
PsMoveSharp Message: Expanded recieve buffer size: 655360
Input component initialized
Logic component initialized
Sound content has been loaded
Sound component initialized
All content loaded
Game Initialized...
Score: 0
Game calibrating sound is now playing...
Calibration: UpperLeft - {X:-606 Y:442}
Calibration: LowerLeft - {X:-544 Y:-263}
Calibration: UpperRight - {X:556 Y:562}
Calibration: LowerRight - {X:451 Y:-167}
Calibration: RightShoulder - {X:93 Y:253}
Level 1 background music is now playing


[New Target] - 0 - Right Hand - 8/21/2012 11:35:34 AM
[Duplicate Target] - 0 - Left Hand - 8/21/2012 11:35:34 AM
The background music is now paused...
'Game Paused' music is now playing...
Game over
Sad 'Game Over' music is now playing...
Score: 0
