[Start Time] - 8/27/2012 1:31:50 PM
Input component created
Logic component created
Sound component created
Game created
PsMoveSharp Message: Initial recieve buffer size: 8192
PsMoveSharp Message: Expanded recieve buffer size: 655360
Input component initialized
Logic component initialized
Sound content has been loaded
Sound component initialized
All content loaded
Game Initialized...
Score: 0
Game calibrating sound is now playing...
Calibration: UpperLeft - {X:-755 Y:492}
Calibration: LowerLeft - {X:-575 Y:-549}
Calibration: UpperRight - {X:800 Y:512}
Calibration: LowerRight - {X:710 Y:-492}
Calibration: RightShoulder - {X:121 Y:160}
Level 1 background music is now playing


[New Target] - 0 - Right Hand - 8/27/2012 1:34:47 PM
[Duplicate Target] - 0 - Left Hand - 8/27/2012 1:34:47 PM
Score increased sound played.
Score: 1


[New Target] - 1 - Right Hand - 8/27/2012 1:35:17 PM
[Duplicate Target] - 1 - Left Hand - 8/27/2012 1:35:17 PM
Score increased sound played.
Score: 2


[New Target] - 2 - Right Hand - 8/27/2012 1:35:44 PM
[Duplicate Target] - 2 - Left Hand - 8/27/2012 1:35:44 PM
Score increased sound played.
Score: 3


[New Target] - 3 - Right Hand - 8/27/2012 1:36:21 PM
[Duplicate Target] - 3 - Left Hand - 8/27/2012 1:36:21 PM
Score increased sound played.
Score: 8


[New Target] - 4 - Right Hand - 8/27/2012 1:36:37 PM
[Duplicate Target] - 4 - Left Hand - 8/27/2012 1:36:37 PM
Score increased sound played.
Score: 12


[New Target] - 5 - Right Hand - 8/27/2012 1:36:55 PM
[Duplicate Target] - 5 - Left Hand - 8/27/2012 1:36:55 PM
Score increased sound played.
Score: 20


[New Target] - 6 - Right Hand - 8/27/2012 1:37:05 PM
[Duplicate Target] - 6 - Left Hand - 8/27/2012 1:37:05 PM
Score increased sound played.
Score: 25


[New Target] - 7 - Right Hand - 8/27/2012 1:37:21 PM
[Duplicate Target] - 7 - Left Hand - 8/27/2012 1:37:21 PM
Score increased sound played.
Score: 33


[New Target] - 8 - Right Hand - 8/27/2012 1:37:32 PM
[Duplicate Target] - 8 - Left Hand - 8/27/2012 1:37:32 PM
Score increased sound played.
Score: 40


[New Target] - 9 - Right Hand - 8/27/2012 1:37:43 PM
[Duplicate Target] - 9 - Left Hand - 8/27/2012 1:37:43 PM
Score increased sound played.
Score: 44
Game over
Sad 'Game Over' music is now playing...
Score decreased sound played.
Score: 0
Level 1 background music is now playing


[New Target] - 0 - Right Hand - 8/27/2012 1:38:23 PM
[Duplicate Target] - 0 - Left Hand - 8/27/2012 1:38:23 PM
Score increased sound played.
Score: 7


[New Target] - 1 - Right Hand - 8/27/2012 1:38:35 PM
[Duplicate Target] - 1 - Left Hand - 8/27/2012 1:38:35 PM
Score increased sound played.
Score: 14


[New Target] - 2 - Right Hand - 8/27/2012 1:38:46 PM
[Duplicate Target] - 2 - Left Hand - 8/27/2012 1:38:46 PM
Score increased sound played.
Score: 20


[New Target] - 3 - Right Hand - 8/27/2012 1:39:00 PM
[Duplicate Target] - 3 - Left Hand - 8/27/2012 1:39:00 PM
Score increased sound played.
Score: 23


[New Target] - 4 - Right Hand - 8/27/2012 1:39:20 PM
[Duplicate Target] - 4 - Left Hand - 8/27/2012 1:39:20 PM
Score increased sound played.
Score: 31
Level 2 background music is now playing


[New Target] - 5 - Right Hand - 8/27/2012 1:39:31 PM
[Duplicate Target] - 5 - Left Hand - 8/27/2012 1:39:31 PM
Score increased sound played.
Score: 39


[New Target] - 6 - Right Hand - 8/27/2012 1:39:46 PM
[Duplicate Target] - 6 - Left Hand - 8/27/2012 1:39:46 PM
Score increased sound played.
Score: 40


[New Target] - 7 - Right Hand - 8/27/2012 1:40:13 PM
[Duplicate Target] - 7 - Left Hand - 8/27/2012 1:40:13 PM
Score increased sound played.
Score: 48


[New Target] - 8 - Right Hand - 8/27/2012 1:40:27 PM
[Duplicate Target] - 8 - Left Hand - 8/27/2012 1:40:27 PM
Score increased sound played.
Score: 49


[New Target] - 9 - Right Hand - 8/27/2012 1:41:01 PM
[Duplicate Target] - 9 - Left Hand - 8/27/2012 1:41:01 PM
Score increased sound played.
Score: 51
Level 3 background music is now playing


[New Target] - 10 - Right Hand - 8/27/2012 1:41:25 PM
[Duplicate Target] - 10 - Left Hand - 8/27/2012 1:41:25 PM
Score increased sound played.
Score: 58


[New Target] - 11 - Right Hand - 8/27/2012 1:41:43 PM
[Duplicate Target] - 11 - Left Hand - 8/27/2012 1:41:43 PM
Score increased sound played.
Score: 74


[New Target] - 12 - Right Hand - 8/27/2012 1:41:53 PM
[Duplicate Target] - 12 - Left Hand - 8/27/2012 1:41:53 PM
Score increased sound played.
Score: 88


[New Target] - 13 - Right Hand - 8/27/2012 1:42:04 PM
[Duplicate Target] - 13 - Left Hand - 8/27/2012 1:42:04 PM
Score increased sound played.
Score: 89


[New Target] - 14 - Right Hand - 8/27/2012 1:42:29 PM
[Duplicate Target] - 14 - Left Hand - 8/27/2012 1:42:29 PM
Score increased sound played.
Score: 101
Level 4 background music is now playing


[New Target] - 15 - Right Hand - 8/27/2012 1:42:43 PM
[Duplicate Target] - 15 - Left Hand - 8/27/2012 1:42:43 PM
Score increased sound played.
Score: 114


[New Target] - 16 - Right Hand - 8/27/2012 1:42:57 PM
[Duplicate Target] - 16 - Left Hand - 8/27/2012 1:42:57 PM
Score increased sound played.
Score: 133


[New Target] - 17 - Right Hand - 8/27/2012 1:43:07 PM
[Duplicate Target] - 17 - Left Hand - 8/27/2012 1:43:07 PM
Score increased sound played.
Score: 145


[New Target] - 18 - Right Hand - 8/27/2012 1:43:22 PM
[Duplicate Target] - 18 - Left Hand - 8/27/2012 1:43:22 PM
Score increased sound played.
Score: 147


[New Target] - 19 - Right Hand - 8/27/2012 1:43:45 PM
[Duplicate Target] - 19 - Left Hand - 8/27/2012 1:43:45 PM
Score increased sound played.
Score: 162
Game over
Sad 'Game Over' music is now playing...
Game shut down
Input component shut down
Sound component shut down
Logic component shut down
