[Start Time] - 8/22/2012 4:52:51 PM
Input component created
Logic component created
Sound component created
Game created
PsMoveSharp Message: Initial recieve buffer size: 8192
PsMoveSharp Message: Expanded recieve buffer size: 655360
Input component initialized
Logic component initialized
Sound content has been loaded
Sound component initialized
All content loaded
Game Initialized...
Score: 0
Game calibrating sound is now playing...
Calibration: UpperLeft - {X:-417 Y:477}
Calibration: LowerLeft - {X:-315 Y:-469}
Calibration: UpperRight - {X:475 Y:489}
Calibration: LowerRight - {X:406 Y:-480}
Calibration: RightShoulder - {X:96 Y:105}
Level 1 background music is now playing


[New Target] - 0 - Right Hand - 8/22/2012 4:53:30 PM
[Duplicate Target] - 0 - Left Hand - 8/22/2012 4:53:30 PM
Score increased sound played.
Score: 5


[New Target] - 1 - Right Hand - 8/22/2012 4:53:45 PM
[Duplicate Target] - 1 - Left Hand - 8/22/2012 4:53:45 PM
Score increased sound played.
Score: 9


[New Target] - 2 - Right Hand - 8/22/2012 4:54:03 PM
[Duplicate Target] - 2 - Left Hand - 8/22/2012 4:54:03 PM
Score increased sound played.
Score: 10


[New Target] - 3 - Right Hand - 8/22/2012 4:54:55 PM
[Duplicate Target] - 3 - Left Hand - 8/22/2012 4:54:55 PM
Score increased sound played.
Score: 11


[New Target] - 4 - Right Hand - 8/22/2012 4:55:20 PM
[Duplicate Target] - 4 - Left Hand - 8/22/2012 4:55:20 PM
Score increased sound played.
Score: 13


[New Target] - 5 - Right Hand - 8/22/2012 4:55:41 PM
[Duplicate Target] - 5 - Left Hand - 8/22/2012 4:55:41 PM
Score increased sound played.
Score: 18


[New Target] - 6 - Right Hand - 8/22/2012 4:55:56 PM
[Duplicate Target] - 6 - Left Hand - 8/22/2012 4:55:56 PM
Score increased sound played.
Score: 21


[New Target] - 7 - Right Hand - 8/22/2012 4:56:16 PM
[Duplicate Target] - 7 - Left Hand - 8/22/2012 4:56:16 PM
Score increased sound played.
Score: 25


[New Target] - 8 - Right Hand - 8/22/2012 4:56:32 PM
[Duplicate Target] - 8 - Left Hand - 8/22/2012 4:56:32 PM
Score increased sound played.
Score: 26


[New Target] - 9 - Right Hand - 8/22/2012 4:57:02 PM
[Duplicate Target] - 9 - Left Hand - 8/22/2012 4:57:02 PM
Score increased sound played.
Score: 31
Game over
Sad 'Game Over' music is now playing...
Score decreased sound played.
Score: 0
Level 1 background music is now playing


[New Target] - 0 - Right Hand - 8/22/2012 4:57:52 PM
[Duplicate Target] - 0 - Left Hand - 8/22/2012 4:57:52 PM
Score increased sound played.
Score: 1


[New Target] - 1 - Right Hand - 8/22/2012 4:58:29 PM
[Duplicate Target] - 1 - Left Hand - 8/22/2012 4:58:29 PM
Score increased sound played.
Score: 4


[New Target] - 2 - Right Hand - 8/22/2012 4:58:49 PM
[Duplicate Target] - 2 - Left Hand - 8/22/2012 4:58:49 PM
Score increased sound played.
Score: 9


[New Target] - 3 - Right Hand - 8/22/2012 4:59:05 PM
[Duplicate Target] - 3 - Left Hand - 8/22/2012 4:59:05 PM
Score increased sound played.
Score: 16


[New Target] - 4 - Right Hand - 8/22/2012 4:59:17 PM
[Duplicate Target] - 4 - Left Hand - 8/22/2012 4:59:17 PM
Score increased sound played.
Score: 18
Level 2 background music is now playing


[New Target] - 5 - Right Hand - 8/22/2012 4:59:40 PM
[Duplicate Target] - 5 - Left Hand - 8/22/2012 4:59:40 PM
Score increased sound played.
Score: 19


[New Target] - 6 - Right Hand - 8/22/2012 5:00:27 PM
[Duplicate Target] - 6 - Left Hand - 8/22/2012 5:00:27 PM
Score increased sound played.
Score: 20


[New Target] - 7 - Right Hand - 8/22/2012 5:00:51 PM
[Duplicate Target] - 7 - Left Hand - 8/22/2012 5:00:51 PM
Score increased sound played.
Score: 25


[New Target] - 8 - Right Hand - 8/22/2012 5:01:09 PM
[Duplicate Target] - 8 - Left Hand - 8/22/2012 5:01:09 PM
Score increased sound played.
Score: 31


[New Target] - 9 - Right Hand - 8/22/2012 5:01:27 PM
[Duplicate Target] - 9 - Left Hand - 8/22/2012 5:01:27 PM
Score increased sound played.
Score: 32
Level 3 background music is now playing


[New Target] - 10 - Right Hand - 8/22/2012 5:02:16 PM
[Duplicate Target] - 10 - Left Hand - 8/22/2012 5:02:16 PM
Score increased sound played.
Score: 40


[New Target] - 11 - Right Hand - 8/22/2012 5:02:33 PM
[Duplicate Target] - 11 - Left Hand - 8/22/2012 5:02:33 PM
Score increased sound played.
Score: 47


[New Target] - 12 - Right Hand - 8/22/2012 5:02:52 PM
[Duplicate Target] - 12 - Left Hand - 8/22/2012 5:02:52 PM
Score increased sound played.
Score: 60


[New Target] - 13 - Right Hand - 8/22/2012 5:03:04 PM
[Duplicate Target] - 13 - Left Hand - 8/22/2012 5:03:04 PM
Score increased sound played.
Score: 74


[New Target] - 14 - Right Hand - 8/22/2012 5:03:16 PM
[Duplicate Target] - 14 - Left Hand - 8/22/2012 5:03:16 PM
Score increased sound played.
Score: 81
Level 4 background music is now playing


[New Target] - 15 - Right Hand - 8/22/2012 5:03:35 PM
[Duplicate Target] - 15 - Left Hand - 8/22/2012 5:03:35 PM
Score increased sound played.
Score: 82


[New Target] - 16 - Right Hand - 8/22/2012 5:04:02 PM
[Duplicate Target] - 16 - Left Hand - 8/22/2012 5:04:02 PM
Score increased sound played.
Score: 95


[New Target] - 17 - Right Hand - 8/22/2012 5:04:17 PM
[Duplicate Target] - 17 - Left Hand - 8/22/2012 5:04:17 PM
Score increased sound played.
Score: 112


[New Target] - 18 - Right Hand - 8/22/2012 5:04:29 PM
[Duplicate Target] - 18 - Left Hand - 8/22/2012 5:04:29 PM
Score increased sound played.
Score: 130


[New Target] - 19 - Right Hand - 8/22/2012 5:04:40 PM
[Duplicate Target] - 19 - Left Hand - 8/22/2012 5:04:40 PM
Score increased sound played.
Score: 131
Game over
Sad 'Game Over' music is now playing...
Game shut down
Input component shut down
Sound component shut down
Logic component shut down
