[Start Time] - 8/27/2012 1:22:23 PM
Input component created
Logic component created
Sound component created
Game created
PsMoveSharp Message: Initial recieve buffer size: 8192
PsMoveSharp Message: Expanded recieve buffer size: 655360
Input component initialized
Logic component initialized
Sound content has been loaded
Sound component initialized
All content loaded
Game Initialized...
Score: 0
Game calibrating sound is now playing...
Calibration: UpperLeft - {X:-691 Y:490}
Calibration: LowerLeft - {X:-723 Y:-500}
Calibration: UpperRight - {X:535 Y:522}
Calibration: LowerRight - {X:697 Y:-479}
Calibration: RightShoulder - {X:106 Y:94}
Level 1 background music is now playing

[New Target] - 0 - Right Hand - 8/27/2012 1:24:58 PM
Score increased sound played.
Score: 4

[New Target] - 1 - Left Hand - 8/27/2012 1:25:16 PM
Score increased sound played.
Score: 11

[New Target] - 2 - Right Hand - 8/27/2012 1:25:27 PM
Score increased sound played.
Score: 16

[New Target] - 3 - Left Hand - 8/27/2012 1:25:43 PM
Score increased sound played.
Score: 22

[New Target] - 4 - Right Hand - 8/27/2012 1:25:57 PM
Score increased sound played.
Score: 29

[New Target] - 5 - Left Hand - 8/27/2012 1:26:08 PM
Score increased sound played.
Score: 37

[New Target] - 6 - Right Hand - 8/27/2012 1:26:19 PM
Score increased sound played.
Score: 45

[New Target] - 7 - Left Hand - 8/27/2012 1:26:27 PM
Score increased sound played.
Score: 52

[New Target] - 8 - Right Hand - 8/27/2012 1:26:38 PM
Score increased sound played.
Score: 59

[New Target] - 9 - Left Hand - 8/27/2012 1:26:50 PM
Score increased sound played.
Score: 68
Game over
Sad 'Game Over' music is now playing...
Score decreased sound played.
Score: 0
Level 1 background music is now playing

[New Target] - 0 - Right Hand - 8/27/2012 1:27:22 PM
Score increased sound played.
Score: 6

[New Target] - 1 - Left Hand - 8/27/2012 1:27:35 PM
Score increased sound played.
Score: 12

[New Target] - 2 - Right Hand - 8/27/2012 1:27:49 PM
Score increased sound played.
Score: 20

[New Target] - 3 - Left Hand - 8/27/2012 1:27:57 PM
Score increased sound played.
Score: 27

[New Target] - 4 - Right Hand - 8/27/2012 1:28:09 PM
Score increased sound played.
Score: 36
Level 2 background music is now playing

[New Target] - 5 - Left Hand - 8/27/2012 1:28:18 PM
Score increased sound played.
Score: 47

[New Target] - 6 - Right Hand - 8/27/2012 1:28:28 PM
Score increased sound played.
Score: 59

[New Target] - 7 - Left Hand - 8/27/2012 1:28:37 PM
Score increased sound played.
Score: 66

[New Target] - 8 - Right Hand - 8/27/2012 1:28:53 PM
Score increased sound played.
Score: 80

[New Target] - 9 - Left Hand - 8/27/2012 1:29:00 PM
Score increased sound played.
Score: 92
Level 3 background music is now playing

[New Target] - 10 - Right Hand - 8/27/2012 1:29:10 PM
Score increased sound played.
Score: 106

[New Target] - 11 - Left Hand - 8/27/2012 1:29:22 PM
Score increased sound played.
Score: 122

[New Target] - 12 - Right Hand - 8/27/2012 1:29:31 PM
Score increased sound played.
Score: 137

[New Target] - 13 - Left Hand - 8/27/2012 1:29:42 PM
Score increased sound played.
Score: 150

[New Target] - 14 - Right Hand - 8/27/2012 1:29:55 PM
Score increased sound played.
Score: 166
Level 4 background music is now playing

[New Target] - 15 - Left Hand - 8/27/2012 1:30:05 PM
Score increased sound played.
Score: 186

[New Target] - 16 - Right Hand - 8/27/2012 1:30:14 PM
Score increased sound played.
Score: 207

[New Target] - 17 - Left Hand - 8/27/2012 1:30:22 PM
Score increased sound played.
Score: 226

[New Target] - 18 - Right Hand - 8/27/2012 1:30:32 PM
Score increased sound played.
Score: 243

[New Target] - 19 - Left Hand - 8/27/2012 1:30:44 PM
Score increased sound played.
Score: 264
Game over
Sad 'Game Over' music is now playing...
Game shut down
Input component shut down
Sound component shut down
Logic component shut down
