[Start Time] - 9/11/2012 1:30:28 PM
Input component created
Logic component created
Sound component created
Game created
PsMoveSharp Message: Initial recieve buffer size: 8192
PsMoveSharp Message: Expanded recieve buffer size: 655360
Input component initialized
Logic component initialized
Sound content has been loaded
Sound component initialized
All content loaded
Game Initialized...
Score: 0
Game calibrating sound is now playing...
Calibration: UpperLeft - {X:-341 Y:439}
Calibration: LowerLeft - {X:-225 Y:-559}
Calibration: UpperRight - {X:925 Y:455}
Calibration: LowerRight - {X:680 Y:-651}
Calibration: RightShoulder - {X:324 Y:144}
Level 1 background music is now playing

[New Target] - 0 - Right Hand - 9/11/2012 1:33:57 PM
Score increased sound played.
Score: 1

[New Target] - 1 - Left Hand - 9/11/2012 1:34:20 PM
Score increased sound played.
Score: 2

[New Target] - 2 - Right Hand - 9/11/2012 1:34:47 PM
Score increased sound played.
Score: 10

[New Target] - 3 - Left Hand - 9/11/2012 1:34:57 PM
Score increased sound played.
Score: 14

[New Target] - 4 - Right Hand - 9/11/2012 1:35:15 PM
Score increased sound played.
Score: 20

[New Target] - 5 - Left Hand - 9/11/2012 1:35:28 PM
Score increased sound played.
Score: 23

[New Target] - 6 - Right Hand - 9/11/2012 1:35:48 PM
Score increased sound played.
Score: 25

[New Target] - 7 - Left Hand - 9/11/2012 1:36:09 PM
Score increased sound played.
Score: 32

[New Target] - 8 - Right Hand - 9/11/2012 1:36:21 PM
Score increased sound played.
Score: 39

[New Target] - 9 - Left Hand - 9/11/2012 1:36:34 PM
Score increased sound played.
Score: 47
Game over
Sad 'Game Over' music is now playing...
Score decreased sound played.
Score: 0
Level 1 background music is now playing

[New Target] - 0 - Right Hand - 9/11/2012 1:37:14 PM
Score increased sound played.
Score: 8

[New Target] - 1 - Left Hand - 9/11/2012 1:37:24 PM
Score increased sound played.
Score: 15

[New Target] - 2 - Right Hand - 9/11/2012 1:37:35 PM
Score increased sound played.
Score: 21

[New Target] - 3 - Left Hand - 9/11/2012 1:37:49 PM
Score increased sound played.
Score: 25

[New Target] - 4 - Right Hand - 9/11/2012 1:38:06 PM
Score increased sound played.
Score: 31
Level 2 background music is now playing

[New Target] - 5 - Left Hand - 9/11/2012 1:38:20 PM
Score increased sound played.
Score: 44

[New Target] - 6 - Right Hand - 9/11/2012 1:38:28 PM
Score increased sound played.
Score: 53

[New Target] - 7 - Left Hand - 9/11/2012 1:38:40 PM
Score increased sound played.
Score: 64

[New Target] - 8 - Right Hand - 9/11/2012 1:38:51 PM
Score increased sound played.
Score: 73

[New Target] - 9 - Left Hand - 9/11/2012 1:39:04 PM
Score increased sound played.
Score: 84
Level 3 background music is now playing

[New Target] - 10 - Right Hand - 9/11/2012 1:39:16 PM
Score increased sound played.
Score: 97

[New Target] - 11 - Left Hand - 9/11/2012 1:39:28 PM
Score increased sound played.
Score: 111

[New Target] - 12 - Right Hand - 9/11/2012 1:39:39 PM
Score increased sound played.
Score: 121

[New Target] - 13 - Left Hand - 9/11/2012 1:39:55 PM
Score increased sound played.
Score: 133

[New Target] - 14 - Right Hand - 9/11/2012 1:40:08 PM
Score increased sound played.
Score: 149
Level 4 background music is now playing

[New Target] - 15 - Left Hand - 9/11/2012 1:40:18 PM
Score increased sound played.
Score: 173

[New Target] - 16 - Right Hand - 9/11/2012 1:40:24 PM
Score increased sound played.
Score: 194

[New Target] - 17 - Left Hand - 9/11/2012 1:40:32 PM
Score increased sound played.
Score: 212

[New Target] - 18 - Right Hand - 9/11/2012 1:40:43 PM
Score increased sound played.
Score: 226

[New Target] - 19 - Left Hand - 9/11/2012 1:40:56 PM
Score increased sound played.
Score: 246
Game over
Sad 'Game Over' music is now playing...
Game shut down
Input component shut down
Sound component shut down
Logic component shut down
