[Start Time] - 9/11/2012 12:30:29 PM
Input component created
Logic component created
Sound component created
Game created
PsMoveSharp Message: Initial recieve buffer size: 8192
PsMoveSharp Message: Expanded recieve buffer size: 655360
Input component initialized
Logic component initialized
Sound content has been loaded
Sound component initialized
All content loaded
Game Initialized...
Score: 0
Game calibrating sound is now playing...
Calibration: UpperLeft - {X:-561 Y:423}
Calibration: LowerLeft - {X:-338 Y:-652}
Calibration: UpperRight - {X:774 Y:511}
Calibration: LowerRight - {X:619 Y:-637}
Calibration: RightShoulder - {X:289 Y:-14}
Level 1 background music is now playing


[New Target] - 0 - Right Hand - 9/11/2012 12:34:12 PM
[Duplicate Target] - 0 - Left Hand - 9/11/2012 12:34:12 PM
Score increased sound played.
Score: 2


[New Target] - 1 - Right Hand - 9/11/2012 12:34:37 PM
[Duplicate Target] - 1 - Left Hand - 9/11/2012 12:34:37 PM
Score increased sound played.
Score: 9


[New Target] - 2 - Right Hand - 9/11/2012 12:34:48 PM
[Duplicate Target] - 2 - Left Hand - 9/11/2012 12:34:48 PM
Score increased sound played.
Score: 12


[New Target] - 3 - Right Hand - 9/11/2012 12:35:09 PM
[Duplicate Target] - 3 - Left Hand - 9/11/2012 12:35:09 PM
Score increased sound played.
Score: 18


[New Target] - 4 - Right Hand - 9/11/2012 12:35:22 PM
[Duplicate Target] - 4 - Left Hand - 9/11/2012 12:35:22 PM
Score increased sound played.
Score: 23


[New Target] - 5 - Right Hand - 9/11/2012 12:35:38 PM
[Duplicate Target] - 5 - Left Hand - 9/11/2012 12:35:38 PM
Score increased sound played.
Score: 30


[New Target] - 6 - Right Hand - 9/11/2012 12:35:50 PM
[Duplicate Target] - 6 - Left Hand - 9/11/2012 12:35:50 PM
Score increased sound played.
Score: 33


[New Target] - 7 - Right Hand - 9/11/2012 12:36:10 PM
[Duplicate Target] - 7 - Left Hand - 9/11/2012 12:36:10 PM
Score increased sound played.
Score: 34


[New Target] - 8 - Right Hand - 9/11/2012 12:36:39 PM
[Duplicate Target] - 8 - Left Hand - 9/11/2012 12:36:39 PM
Score increased sound played.
Score: 36


[New Target] - 9 - Right Hand - 9/11/2012 12:37:01 PM
[Duplicate Target] - 9 - Left Hand - 9/11/2012 12:37:01 PM
Score increased sound played.
Score: 42
Game over
Sad 'Game Over' music is now playing...
Score decreased sound played.
Score: 0
Level 1 background music is now playing


[New Target] - 0 - Right Hand - 9/11/2012 12:37:35 PM
[Duplicate Target] - 0 - Left Hand - 9/11/2012 12:37:35 PM
Score increased sound played.
Score: 8


[New Target] - 1 - Right Hand - 9/11/2012 12:37:44 PM
[Duplicate Target] - 1 - Left Hand - 9/11/2012 12:37:44 PM
Score increased sound played.
Score: 9


[New Target] - 2 - Right Hand - 9/11/2012 12:38:14 PM
[Duplicate Target] - 2 - Left Hand - 9/11/2012 12:38:14 PM
Score increased sound played.
Score: 17


[New Target] - 3 - Right Hand - 9/11/2012 12:38:23 PM
[Duplicate Target] - 3 - Left Hand - 9/11/2012 12:38:23 PM
Score increased sound played.
Score: 20


[New Target] - 4 - Right Hand - 9/11/2012 12:38:42 PM
[Duplicate Target] - 4 - Left Hand - 9/11/2012 12:38:42 PM
Score increased sound played.
Score: 28
Level 2 background music is now playing


[New Target] - 5 - Right Hand - 9/11/2012 12:38:53 PM
[Duplicate Target] - 5 - Left Hand - 9/11/2012 12:38:53 PM
Score increased sound played.
Score: 39


[New Target] - 6 - Right Hand - 9/11/2012 12:39:05 PM
[Duplicate Target] - 6 - Left Hand - 9/11/2012 12:39:05 PM
Score increased sound played.
Score: 48


[New Target] - 7 - Right Hand - 9/11/2012 12:39:18 PM
[Duplicate Target] - 7 - Left Hand - 9/11/2012 12:39:18 PM
Score increased sound played.
Score: 59


[New Target] - 8 - Right Hand - 9/11/2012 12:39:28 PM
[Duplicate Target] - 8 - Left Hand - 9/11/2012 12:39:28 PM
Score increased sound played.
Score: 62


[New Target] - 9 - Right Hand - 9/11/2012 12:39:50 PM
[Duplicate Target] - 9 - Left Hand - 9/11/2012 12:39:50 PM
Score increased sound played.
Score: 72
Level 3 background music is now playing


[New Target] - 10 - Right Hand - 9/11/2012 12:40:04 PM
[Duplicate Target] - 10 - Left Hand - 9/11/2012 12:40:04 PM
Score increased sound played.
Score: 88


[New Target] - 11 - Right Hand - 9/11/2012 12:40:13 PM
[Duplicate Target] - 11 - Left Hand - 9/11/2012 12:40:13 PM
Score increased sound played.
Score: 100


[New Target] - 12 - Right Hand - 9/11/2012 12:40:26 PM
[Duplicate Target] - 12 - Left Hand - 9/11/2012 12:40:26 PM
Score increased sound played.
Score: 119


[New Target] - 13 - Right Hand - 9/11/2012 12:40:33 PM
[Duplicate Target] - 13 - Left Hand - 9/11/2012 12:40:33 PM
Score increased sound played.
Score: 129


[New Target] - 14 - Right Hand - 9/11/2012 12:40:47 PM
[Duplicate Target] - 14 - Left Hand - 9/11/2012 12:40:47 PM
Score increased sound played.
Score: 130
Level 4 background music is now playing


[New Target] - 15 - Right Hand - 9/11/2012 12:41:13 PM
[Duplicate Target] - 15 - Left Hand - 9/11/2012 12:41:13 PM
Score increased sound played.
Score: 144


[New Target] - 16 - Right Hand - 9/11/2012 12:41:28 PM
[Duplicate Target] - 16 - Left Hand - 9/11/2012 12:41:28 PM
Score increased sound played.
Score: 165


[New Target] - 17 - Right Hand - 9/11/2012 12:41:36 PM
[Duplicate Target] - 17 - Left Hand - 9/11/2012 12:41:36 PM
Score increased sound played.
Score: 178


[New Target] - 18 - Right Hand - 9/11/2012 12:41:51 PM
[Duplicate Target] - 18 - Left Hand - 9/11/2012 12:41:51 PM
Score increased sound played.
Score: 198


[New Target] - 19 - Right Hand - 9/11/2012 12:41:59 PM
[Duplicate Target] - 19 - Left Hand - 9/11/2012 12:41:59 PM
Score increased sound played.
Score: 211
Game over
Sad 'Game Over' music is now playing...
Game shut down
Input component shut down
Sound component shut down
Logic component shut down
