[Start Time] - 12/14/2012 3:04:55 PM
Input component created
Logic component created
Sound component created
Game created
PsMoveSharp Message: Initial recieve buffer size: 8192
PsMoveSharp Message: Expanded recieve buffer size: 655360
Input component initialized
Logic component initialized
Sound content has been loaded
Sound component initialized
All content loaded
Game Initialized...
Score: 0
Game calibrating sound is now playing...
Calibration: UpperLeft - {X:-579 Y:50}
Calibration: LowerLeft - {X:-580 Y:-959}
Calibration: UpperRight - {X:868 Y:133}
Calibration: LowerRight - {X:897 Y:-972}
Calibration: RightShoulder - {X:259 Y:-442}
Level 1 background music is now playing


[New Target] - 0 - Right Hand - 12/14/2012 3:05:31 PM
[Duplicate Target] - 0 - Left Hand - 12/14/2012 3:05:31 PM
Score increased sound played.
Score: 5


[New Target] - 1 - Right Hand - 12/14/2012 3:05:49 PM
[Duplicate Target] - 1 - Left Hand - 12/14/2012 3:05:49 PM
Score increased sound played.
Score: 10


[New Target] - 2 - Right Hand - 12/14/2012 3:06:04 PM
[Duplicate Target] - 2 - Left Hand - 12/14/2012 3:06:04 PM
Score increased sound played.
Score: 17


[New Target] - 3 - Right Hand - 12/14/2012 3:06:16 PM
[Duplicate Target] - 3 - Left Hand - 12/14/2012 3:06:16 PM
Score increased sound played.
Score: 23


[New Target] - 4 - Right Hand - 12/14/2012 3:06:29 PM
[Duplicate Target] - 4 - Left Hand - 12/14/2012 3:06:29 PM
Game over
Sad 'Game Over' music is now playing...
Game shut down
Input component shut down
Sound component shut down
Logic component shut down
