[Start Time] - 12/10/2012 10:54:32 AM
Input component created
Logic component created
Sound component created
Game created
PsMoveSharp Message: Initial recieve buffer size: 8192
PsMoveSharp Message: Expanded recieve buffer size: 655360
Input component initialized
Logic component initialized
Sound content has been loaded
Sound component initialized
All content loaded
Game Initialized...
Score: 0
Game calibrating sound is now playing...
Calibration: UpperLeft - {X:-707 Y:332}
Calibration: LowerLeft - {X:-717 Y:-664}
Calibration: UpperRight - {X:642 Y:365}
Calibration: LowerRight - {X:610 Y:-698}
Calibration: RightShoulder - {X:115 Y:-90}
Level 1 background music is now playing


[New Target] - 0 - Right Hand - 12/10/2012 10:57:11 AM
[Duplicate Target] - 0 - Left Hand - 12/10/2012 10:57:11 AM
Score increased sound played.
Score: 1


[New Target] - 1 - Right Hand - 12/10/2012 10:59:31 AM
[Duplicate Target] - 1 - Left Hand - 12/10/2012 10:59:31 AM
Game over
Sad 'Game Over' music is now playing...
