[Start Time] - 12/24/2012 10:31:46 AM
Input component created
Logic component created
Sound component created
Game created
PsMoveSharp Message: Initial recieve buffer size: 8192
PsMoveSharp Message: Expanded recieve buffer size: 655360
Input component initialized
Logic component initialized
Sound content has been loaded
Sound component initialized
All content loaded
Game Initialized...
Score: 0
Game calibrating sound is now playing...
Calibration: UpperLeft - {X:-808 Y:396}
Calibration: LowerLeft - {X:-782 Y:-647}
Calibration: UpperRight - {X:725 Y:410}
Calibration: LowerRight - {X:612 Y:-736}
Calibration: RightShoulder - {X:86 Y:-89}
Level 1 background music is now playing


[New Target] - 0 - Right Hand - 12/24/2012 10:32:12 AM
[Duplicate Target] - 0 - Left Hand - 12/24/2012 10:32:12 AM
