[Start Time] - 12/24/2012 10:30:56 AM
Input component created
Logic component created
Sound component created
Game created
PsMoveSharp Message: Initial recieve buffer size: 8192
PsMoveSharp Message: Expanded recieve buffer size: 655360
Input component initialized
Logic component initialized
Sound content has been loaded
Sound component initialized
All content loaded
Game Initialized...
Score: 0
Game calibrating sound is now playing...
Calibration: UpperLeft - {X:-771 Y:376}
Calibration: LowerLeft - {X:-789 Y:-620}
Calibration: UpperRight - {X:704 Y:437}
Calibration: LowerRight - {X:678 Y:-702}
Calibration: RightShoulder - {X:110 Y:-94}
Level 1 background music is now playing


[New Target] - 0 - Right Hand - 12/24/2012 10:31:37 AM
[Duplicate Target] - 0 - Left Hand - 12/24/2012 10:31:37 AM
