[Start Time] - 2/15/2013 3:38:42 PM
Input component created
Logic component created
Sound component created
Game created
PsMoveSharp Message: Initial recieve buffer size: 8192
PsMoveSharp Message: Expanded recieve buffer size: 655360
Input component initialized
Logic component initialized
Sound content has been loaded
Sound component initialized
All content loaded
Game Initialized...
Score: 0
Game calibrating sound is now playing...
Calibration: UpperLeft - {X:-698 Y:663}
Calibration: LowerLeft - {X:-706 Y:-340}
Calibration: UpperRight - {X:785 Y:689}
Calibration: LowerRight - {X:730 Y:-414}
Calibration: RightShoulder - {X:178 Y:201}
Level 1 background music is now playing


[New Target] - 0 - Right Hand - 2/15/2013 3:39:25 PM
[Duplicate Target] - 0 - Left Hand - 2/15/2013 3:39:25 PM
Score increased sound played.
Score: 1


[New Target] - 1 - Right Hand - 2/15/2013 3:42:57 PM
[Duplicate Target] - 1 - Left Hand - 2/15/2013 3:42:57 PM
