[Start Time] - 2/15/2013 3:43:57 PM
Input component created
Logic component created
Sound component created
Game created
PsMoveSharp Message: Initial recieve buffer size: 8192
PsMoveSharp Message: Expanded recieve buffer size: 655360
Input component initialized
Logic component initialized
Sound content has been loaded
Sound component initialized
All content loaded
Game Initialized...
Score: 0
Game calibrating sound is now playing...
Calibration: UpperLeft - {X:-417 Y:449}
Calibration: LowerLeft - {X:-540 Y:-321}
Calibration: UpperRight - {X:526 Y:552}
Calibration: LowerRight - {X:649 Y:-250}
Calibration: RightShoulder - {X:211 Y:135}
Level 1 background music is now playing

[New Target] - 0 - Right Hand - 2/15/2013 3:44:49 PM
Score increased sound played.
Score: 1

[New Target] - 1 - Left Hand - 2/15/2013 3:45:31 PM
Score increased sound played.
Score: 2

[New Target] - 2 - Right Hand - 2/15/2013 3:45:59 PM
Score increased sound played.
Score: 9

[New Target] - 3 - Left Hand - 2/15/2013 3:46:11 PM
Score increased sound played.
Score: 13

[New Target] - 4 - Right Hand - 2/15/2013 3:46:28 PM
Score increased sound played.
Score: 20

[New Target] - 5 - Left Hand - 2/15/2013 3:46:40 PM
Score increased sound played.
Score: 22

[New Target] - 6 - Right Hand - 2/15/2013 3:47:00 PM
Score increased sound played.
Score: 23

[New Target] - 7 - Left Hand - 2/15/2013 3:47:30 PM
Score increased sound played.
Score: 30

[New Target] - 8 - Right Hand - 2/15/2013 3:47:41 PM
Score increased sound played.
Score: 32

[New Target] - 9 - Left Hand - 2/15/2013 3:48:02 PM
Score increased sound played.
Score: 39
Game over
Sad 'Game Over' music is now playing...
Game shut down
Input component shut down
Sound component shut down
Logic component shut down
