[Start Time] - 2/15/2013 3:43:14 PM
Input component created
Logic component created
Sound component created
Game created
PsMoveSharp Message: Initial recieve buffer size: 8192
PsMoveSharp Message: Expanded recieve buffer size: 655360
Input component initialized
Logic component initialized
Sound content has been loaded
Sound component initialized
All content loaded
Game Initialized...
Score: 0
Game calibrating sound is now playing...
Score: 0
Level 1 background music is now playing


[New Target] - 0 - Right Hand - 2/15/2013 3:43:48 PM
[Duplicate Target] - 0 - Left Hand - 2/15/2013 3:43:48 PM
The background music is now paused...
'Game Paused' music is now playing...
Score: 0
