[Start Time] - 2/15/2013 2:38:17 PM
Input component created
Logic component created
Sound component created
Game created
PsMoveSharp Message: Initial recieve buffer size: 8192
PsMoveSharp Message: Expanded recieve buffer size: 655360
Input component initialized
Logic component initialized
Sound content has been loaded
Sound component initialized
All content loaded
Game Initialized...
Score: 0
Game calibrating sound is now playing...
Calibration: UpperLeft - {X:-637 Y:682}
Calibration: LowerLeft - {X:-646 Y:-396}
Calibration: UpperRight - {X:774 Y:715}
Calibration: LowerRight - {X:739 Y:-455}
Calibration: RightShoulder - {X:190 Y:173}
Level 1 background music is now playing


[New Target] - 0 - Right Hand - 2/15/2013 2:38:41 PM
[Duplicate Target] - 0 - Left Hand - 2/15/2013 2:38:41 PM
Score increased sound played.
Score: 4


[New Target] - 1 - Right Hand - 2/15/2013 2:39:00 PM
[Duplicate Target] - 1 - Left Hand - 2/15/2013 2:39:00 PM
Score increased sound played.
Score: 10


[New Target] - 2 - Right Hand - 2/15/2013 2:39:14 PM
[Duplicate Target] - 2 - Left Hand - 2/15/2013 2:39:14 PM
Score increased sound played.
Score: 15


[New Target] - 3 - Right Hand - 2/15/2013 2:39:29 PM
[Duplicate Target] - 3 - Left Hand - 2/15/2013 2:39:29 PM
Game over
Sad 'Game Over' music is now playing...
Game shut down
Input component shut down
Sound component shut down
Logic component shut down
