[Start Time] - 6/18/2013 10:51:58 AM
Input component created
Logic component created
Sound component created
Game created
PsMoveSharp Message: Initial recieve buffer size: 8192
PsMoveSharp Message: Expanded recieve buffer size: 655360
Input component initialized
Logic component initialized
Sound content has been loaded
Sound component initialized
All content loaded
Game Initialized...
Score: 0
Game calibrating sound is now playing...
Calibration: UpperLeft - {X:-748 Y:397}
Calibration: LowerLeft - {X:-747 Y:-594}
Calibration: UpperRight - {X:729 Y:458}
Calibration: LowerRight - {X:651 Y:-736}
Calibration: RightShoulder - {X:161 Y:-61}
Level 1 background music is now playing

[New Target] - -1 - Left Hand - 6/18/2013 10:52:29 AM
Target collected sound played.
Score increased sound played.
Score: 10

[New Target] - -1 - Left Hand - 6/18/2013 10:52:35 AM
Target collected sound played.
Score increased sound played.
Score: 20

[New Target] - -1 - Left Hand - 6/18/2013 10:52:40 AM
Target collected sound played.
Score increased sound played.
Score: 29

[New Target] - -1 - Left Hand - 6/18/2013 10:52:46 AM
Target collected sound played.
Score increased sound played.
Score: 39

[New Target] - -1 - Left Hand - 6/18/2013 10:52:52 AM
Target collected sound played.
Score increased sound played.
Score: 48

[New Target] - -1 - Left Hand - 6/18/2013 10:52:58 AM
Target collected sound played.
Score increased sound played.
Score: 58

[New Target] - -1 - Left Hand - 6/18/2013 10:53:03 AM
Target collected sound played.
Score increased sound played.
Score: 67

[New Target] - -1 - Left Hand - 6/18/2013 10:53:09 AM
Target collected sound played.
Score increased sound played.
Score: 76

[New Target] - -1 - Left Hand - 6/18/2013 10:53:16 AM
Target collected sound played.
Score increased sound played.
Score: 85

[New Target] - -1 - Left Hand - 6/18/2013 10:53:23 AM
Target collected sound played.
Score increased sound played.
Score: 94
Game over
Sad 'Game Over' music is now playing...
Game shut down
Input component shut down
Sound component shut down
Logic component shut down
Input component created
Logic component created
Sound component created
Game created
PsMoveSharp Message: Initial recieve buffer size: 8192
PsMoveSharp Message: Expanded recieve buffer size: 655360
Input component initialized
Logic component initialized
Sound content has been loaded
Sound component initialized
All content loaded
Game Initialized...
Score: 0
Level 1 background music is now playing

[New Target] - -1 - Left Hand - 6/18/2013 10:54:00 AM
Target collected sound played.
Score increased sound played.
Score: 9

[New Target] - -1 - Left Hand - 6/18/2013 10:54:06 AM
Target collected sound played.
Score increased sound played.
Score: 18

[New Target] - -1 - Left Hand - 6/18/2013 10:54:14 AM
Target collected sound played.
Score increased sound played.
Score: 27

[New Target] - -1 - Left Hand - 6/18/2013 10:54:21 AM
Target collected sound played.
Score increased sound played.
Score: 35

[New Target] - -1 - Left Hand - 6/18/2013 10:54:29 AM
Target collected sound played.
Score increased sound played.
Score: 43
Level 2 background music is now playing

[New Target] - -1 - Left Hand - 6/18/2013 10:54:38 AM
Target collected sound played.
Score increased sound played.
Score: 54

[New Target] - -1 - Left Hand - 6/18/2013 10:54:47 AM
Target collected sound played.
Score increased sound played.
Score: 66

[New Target] - -1 - Left Hand - 6/18/2013 10:54:56 AM
Target collected sound played.
Score increased sound played.
Score: 77

[New Target] - -1 - Left Hand - 6/18/2013 10:55:07 AM
Target collected sound played.
Score increased sound played.
Score: 91

[New Target] - -1 - Left Hand - 6/18/2013 10:55:12 AM
Target collected sound played.
Score increased sound played.
Score: 106
Level 3 background music is now playing

[New Target] - -1 - Left Hand - 6/18/2013 10:55:19 AM
Target collected sound played.
Score increased sound played.
Score: 125

[New Target] - -1 - Left Hand - 6/18/2013 10:55:24 AM
Target collected sound played.
Score increased sound played.
Score: 144

[New Target] - -1 - Left Hand - 6/18/2013 10:55:30 AM
Target collected sound played.
Score increased sound played.
Score: 163

[New Target] - -1 - Left Hand - 6/18/2013 10:55:36 AM
Target collected sound played.
Score increased sound played.
Score: 181

[New Target] - -1 - Left Hand - 6/18/2013 10:55:42 AM
Target collected sound played.
Score increased sound played.
Score: 200
Level 4 background music is now playing

[New Target] - -1 - Left Hand - 6/18/2013 10:55:49 AM
Target collected sound played.
Score increased sound played.
Score: 224

[New Target] - -1 - Left Hand - 6/18/2013 10:55:54 AM
Target collected sound played.
Score increased sound played.
Score: 248

[New Target] - -1 - Left Hand - 6/18/2013 10:55:59 AM
Target collected sound played.
Score increased sound played.
Score: 272

[New Target] - -1 - Left Hand - 6/18/2013 10:56:05 AM
Target collected sound played.
Score increased sound played.
Score: 296

[New Target] - -1 - Left Hand - 6/18/2013 10:56:09 AM
Target collected sound played.
Score increased sound played.
Score: 320
Game over
Sad 'Game Over' music is now playing...
Game shut down
Input component shut down
Sound component shut down
Logic component shut down
Input component created
Logic component created
Sound component created
Game created
PsMoveSharp Message: Initial recieve buffer size: 8192
PsMoveSharp Message: Expanded recieve buffer size: 655360
Input component initialized
Logic component initialized
Sound content has been loaded
Sound component initialized
All content loaded
Game Initialized...
Score: 0
Level 1 background music is now playing


[New Target] - 0 - Right Hand - 6/18/2013 10:57:04 AM

[New Target] - 1 - Left Hand - 6/18/2013 10:57:04 AM
Target collected sound played.
Target collected sound played.
Score increased sound played.
Score: 9


[New Target] - 2 - Right Hand - 6/18/2013 10:57:13 AM

[New Target] - 3 - Left Hand - 6/18/2013 10:57:13 AM
Target collected sound played.
Target collected sound played.
Score increased sound played.
Score: 15


[New Target] - 4 - Right Hand - 6/18/2013 10:57:25 AM

[New Target] - 5 - Left Hand - 6/18/2013 10:57:25 AM
Target collected sound played.
Target collected sound played.
Score increased sound played.
Score: 22


[New Target] - 6 - Right Hand - 6/18/2013 10:57:36 AM

[New Target] - 7 - Left Hand - 6/18/2013 10:57:36 AM
Target collected sound played.
Target collected sound played.
Score increased sound played.
Score: 30


[New Target] - 8 - Right Hand - 6/18/2013 10:57:47 AM

[New Target] - 9 - Left Hand - 6/18/2013 10:57:47 AM
Target collected sound played.
Target collected sound played.
Score increased sound played.
Score: 35


[New Target] - 10 - Right Hand - 6/18/2013 10:58:03 AM

[New Target] - 11 - Left Hand - 6/18/2013 10:58:03 AM
Target collected sound played.
Target collected sound played.
Score increased sound played.
Score: 43


[New Target] - 12 - Right Hand - 6/18/2013 10:58:12 AM

[New Target] - 13 - Left Hand - 6/18/2013 10:58:12 AM
Target collected sound played.
Target collected sound played.
Score increased sound played.
Score: 48


[New Target] - 14 - Right Hand - 6/18/2013 10:58:26 AM

[New Target] - 15 - Left Hand - 6/18/2013 10:58:26 AM
Target collected sound played.
Target collected sound played.
Score increased sound played.
Score: 54


[New Target] - 16 - Right Hand - 6/18/2013 10:58:40 AM

[New Target] - 17 - Left Hand - 6/18/2013 10:58:40 AM
Target collected sound played.
Target collected sound played.
Score increased sound played.
Score: 64


[New Target] - 18 - Right Hand - 6/18/2013 10:58:44 AM

[New Target] - 19 - Left Hand - 6/18/2013 10:58:44 AM
Target collected sound played.
Target collected sound played.
Target collected sound played.
Target collected sound played.
Target collected sound played.
Target collected sound played.
Target collected sound played.
Target collected sound played.
Target collected sound played.
Target collected sound played.
Target collected sound played.
Score increased sound played.
Score: 73
Level 2 background music is now playing


[New Target] - 20 - Right Hand - 6/18/2013 10:58:51 AM

[New Target] - 21 - Left Hand - 6/18/2013 10:58:51 AM
Target collected sound played.
Target collected sound played.
Target collected sound played.
Target collected sound played.
Target collected sound played.
Target collected sound played.
Target collected sound played.
Target collected sound played.
Target collected sound played.
Target collected sound played.
Score increased sound played.
Score: 87


[New Target] - 22 - Right Hand - 6/18/2013 10:58:57 AM

[New Target] - 23 - Left Hand - 6/18/2013 10:58:57 AM
Target collected sound played.
Target collected sound played.
Target collected sound played.
Target collected sound played.
Target collected sound played.
Target collected sound played.
Target collected sound played.
Target collected sound played.
Target collected sound played.
Target collected sound played.
Target collected sound played.
Target collected sound played.
Score increased sound played.
Score: 102


[New Target] - 24 - Right Hand - 6/18/2013 10:59:02 AM

[New Target] - 25 - Left Hand - 6/18/2013 10:59:02 AM
Target collected sound played.
Target collected sound played.
Target collected sound played.
Target collected sound played.
Target collected sound played.
Target collected sound played.
Target collected sound played.
Target collected sound played.
Score increased sound played.
Score: 117


[New Target] - 26 - Right Hand - 6/18/2013 10:59:07 AM

[New Target] - 27 - Left Hand - 6/18/2013 10:59:07 AM
Target collected sound played.
Target collected sound played.
Target collected sound played.
Target collected sound played.
Target collected sound played.
Target collected sound played.
Target collected sound played.
Target collected sound played.
Target collected sound played.
Target collected sound played.
Score increased sound played.
Score: 131


[New Target] - 28 - Right Hand - 6/18/2013 10:59:13 AM

[New Target] - 29 - Left Hand - 6/18/2013 10:59:13 AM
Target collected sound played.
Target collected sound played.
Target collected sound played.
Target collected sound played.
Target collected sound played.
Target collected sound played.
Target collected sound played.
Target collected sound played.
Target collected sound played.
Target collected sound played.
Target collected sound played.
Score increased sound played.
Score: 145


[New Target] - 30 - Right Hand - 6/18/2013 10:59:19 AM

[New Target] - 31 - Left Hand - 6/18/2013 10:59:19 AM
Target collected sound played.
Target collected sound played.
Target collected sound played.
Target collected sound played.
Target collected sound played.
Target collected sound played.
Target collected sound played.
Target collected sound played.
Target collected sound played.
Target collected sound played.
Target collected sound played.
Target collected sound played.
Score increased sound played.
Score: 159


[New Target] - 32 - Right Hand - 6/18/2013 10:59:24 AM

[New Target] - 33 - Left Hand - 6/18/2013 10:59:24 AM
Target collected sound played.
Target collected sound played.
Target collected sound played.
Target collected sound played.
Target collected sound played.
Target collected sound played.
Target collected sound played.
Target collected sound played.
Target collected sound played.
Target collected sound played.
Target collected sound played.
Score increased sound played.
Score: 173


[New Target] - 34 - Right Hand - 6/18/2013 10:59:30 AM

[New Target] - 35 - Left Hand - 6/18/2013 10:59:30 AM
Target collected sound played.
Target collected sound played.
Target collected sound played.
Target collected sound played.
Target collected sound played.
Target collected sound played.
Target collected sound played.
Target collected sound played.
Target collected sound played.
Target collected sound played.
Target collected sound played.
Score increased sound played.
Score: 188


[New Target] - 36 - Right Hand - 6/18/2013 10:59:36 AM

[New Target] - 37 - Left Hand - 6/18/2013 10:59:36 AM
Target collected sound played.
Target collected sound played.
Target collected sound played.
Target collected sound played.
Target collected sound played.
Target collected sound played.
Target collected sound played.
Target collected sound played.
Target collected sound played.
Target collected sound played.
Target collected sound played.
Target collected sound played.
Score increased sound played.
Score: 202


[New Target] - 38 - Right Hand - 6/18/2013 10:59:42 AM

[New Target] - 39 - Left Hand - 6/18/2013 10:59:42 AM
Target collected sound played.
Target collected sound played.
Target collected sound played.
Target collected sound played.
Target collected sound played.
Target collected sound played.
Target collected sound played.
Target collected sound played.
Target collected sound played.
Score increased sound played.
Score: 216
Level 3 background music is now playing

