[Start Time] - 6/11/2013 2:54:10 PM
Input component created
Logic component created
Sound component created
Game created
PsMoveSharp Message: Initial recieve buffer size: 8192
PsMoveSharp Message: Expanded recieve buffer size: 655360
Input component initialized
Logic component initialized
Sound content has been loaded
Sound component initialized
All content loaded
Game Initialized...
Score: 0
Game calibrating sound is now playing...
Calibration: UpperLeft - {X:-800 Y:399}
Calibration: LowerLeft - {X:-755 Y:-597}
Calibration: UpperRight - {X:747 Y:424}
Calibration: LowerRight - {X:680 Y:-674}
Calibration: RightShoulder - {X:112 Y:-58}
Level 1 background music is now playing


[New Target] - 0 - Right Hand - 6/11/2013 2:55:08 PM
[Duplicate Target] - 0 - Left Hand - 6/11/2013 2:55:08 PM
Score increased sound played.
Score: 7


[New Target] - 1 - Right Hand - 6/11/2013 2:55:20 PM
[Duplicate Target] - 1 - Left Hand - 6/11/2013 2:55:20 PM
Score increased sound played.
Score: 15


[New Target] - 2 - Right Hand - 6/11/2013 2:55:30 PM
[Duplicate Target] - 2 - Left Hand - 6/11/2013 2:55:30 PM
Score increased sound played.
Score: 25


[New Target] - 3 - Right Hand - 6/11/2013 2:55:38 PM
[Duplicate Target] - 3 - Left Hand - 6/11/2013 2:55:38 PM
Game over
Sad 'Game Over' music is now playing...
Game shut down
Input component shut down
Sound component shut down
Logic component shut down
