[Start Time] - 6/18/2013 11:08:47 AM
Input component created
Logic component created
Sound component created
Game created
PsMoveSharp Message: Initial recieve buffer size: 8192
PsMoveSharp Message: Expanded recieve buffer size: 655360
Input component initialized
Logic component initialized
Sound content has been loaded
Sound component initialized
All content loaded
Game Initialized...
Score: 0
Game calibrating sound is now playing...
Game over
Sad 'Game Over' music is now playing...
Game shut down
Input component shut down
Sound component shut down
Logic component shut down
Input component created
Logic component created
Sound component created
Game created
PsMoveSharp Message: Initial recieve buffer size: 8192
PsMoveSharp Message: Expanded recieve buffer size: 655360
Input component initialized
Logic component initialized
Sound content has been loaded
Sound component initialized
All content loaded
Game Initialized...
Score: 0
Game calibrating sound is now playing...
Game over
Sad 'Game Over' music is now playing...
Game shut down
Input component shut down
Sound component shut down
Logic component shut down
Input component created
Logic component created
Sound component created
Game created
PsMoveSharp Message: Initial recieve buffer size: 8192
PsMoveSharp Message: Expanded recieve buffer size: 655360
Input component initialized
Logic component initialized
Sound content has been loaded
Sound component initialized
All content loaded
Game Initialized...
Score: 0
Game calibrating sound is now playing...
Calibration: UpperLeft - {X:-800 Y:407}
Calibration: LowerLeft - {X:-744 Y:-574}
Calibration: UpperRight - {X:799 Y:384}
Calibration: LowerRight - {X:691 Y:-734}
Calibration: RightShoulder - {X:136 Y:-44}
Level 1 background music is now playing


[New Target] - 0 - Right Hand - 6/18/2013 11:09:34 AM

[New Target] - 1 - Left Hand - 6/18/2013 11:09:34 AM
Target collected sound played.
Target collected sound played.
Target collected sound played.
Target collected sound played.
Target collected sound played.
Target collected sound played.
Target collected sound played.
Score increased sound played.
Score: 9


[New Target] - 2 - Right Hand - 6/18/2013 11:09:40 AM

[New Target] - 3 - Left Hand - 6/18/2013 11:09:40 AM
Target collected sound played.
Target collected sound played.
Target collected sound played.
Target collected sound played.
Target collected sound played.
Target collected sound played.
Target collected sound played.
Target collected sound played.
Target collected sound played.
Score increased sound played.
Score: 18


[New Target] - 4 - Right Hand - 6/18/2013 11:09:45 AM

[New Target] - 5 - Left Hand - 6/18/2013 11:09:45 AM
Target collected sound played.
Target collected sound played.
Score increased sound played.
Score: 27


[New Target] - 6 - Right Hand - 6/18/2013 11:09:51 AM

[New Target] - 7 - Left Hand - 6/18/2013 11:09:51 AM
Target collected sound played.
Target collected sound played.
Target collected sound played.
Target collected sound played.
Target collected sound played.
Target collected sound played.
Target collected sound played.
Target collected sound played.
Target collected sound played.
Target collected sound played.
Target collected sound played.
Score increased sound played.
Score: 36


[New Target] - 8 - Right Hand - 6/18/2013 11:09:56 AM

[New Target] - 9 - Left Hand - 6/18/2013 11:09:56 AM
Target collected sound played.
Target collected sound played.
Target collected sound played.
Target collected sound played.
Target collected sound played.
Target collected sound played.
Target collected sound played.
Target collected sound played.
Target collected sound played.
Target collected sound played.
Target collected sound played.
Score increased sound played.
Score: 46
Level 2 background music is now playing


[New Target] - 10 - Right Hand - 6/18/2013 11:10:03 AM

[New Target] - 11 - Left Hand - 6/18/2013 11:10:03 AM
Target collected sound played.
Target collected sound played.
Target collected sound played.
Target collected sound played.
Target collected sound played.
Target collected sound played.
Target collected sound played.
Target collected sound played.
Target collected sound played.
Score increased sound played.
Score: 60


[New Target] - 12 - Right Hand - 6/18/2013 11:10:08 AM

[New Target] - 13 - Left Hand - 6/18/2013 11:10:08 AM
Target collected sound played.
Target collected sound played.
Target collected sound played.
Target collected sound played.
Target collected sound played.
Target collected sound played.
Target collected sound played.
Target collected sound played.
Target collected sound played.
Target collected sound played.
Target collected sound played.
Target collected sound played.
Score increased sound played.
Score: 75


[New Target] - 14 - Right Hand - 6/18/2013 11:10:14 AM

[New Target] - 15 - Left Hand - 6/18/2013 11:10:14 AM
Target collected sound played.
Target collected sound played.
Target collected sound played.
Target collected sound played.
Target collected sound played.
Target collected sound played.
Target collected sound played.
Target collected sound played.
Target collected sound played.
Score increased sound played.
Score: 89


[New Target] - 16 - Right Hand - 6/18/2013 11:10:20 AM

[New Target] - 17 - Left Hand - 6/18/2013 11:10:20 AM
Target collected sound played.
Target collected sound played.
Target collected sound played.
Target collected sound played.
Target collected sound played.
Target collected sound played.
Target collected sound played.
Target collected sound played.
Target collected sound played.
Target collected sound played.
Target collected sound played.
Score increased sound played.
Score: 104


[New Target] - 18 - Right Hand - 6/18/2013 11:10:25 AM

[New Target] - 19 - Left Hand - 6/18/2013 11:10:25 AM
Target collected sound played.
Target collected sound played.
Target collected sound played.
Target collected sound played.
Target collected sound played.
Target collected sound played.
Target collected sound played.
Target collected sound played.
Target collected sound played.
Target collected sound played.
Target collected sound played.
Score increased sound played.
Score: 116
Level 3 background music is now playing


[New Target] - 20 - Right Hand - 6/18/2013 11:10:35 AM

[New Target] - 21 - Left Hand - 6/18/2013 11:10:35 AM
Target collected sound played.
Target collected sound played.
Target collected sound played.
Target collected sound played.
Target collected sound played.
Score increased sound played.
Score: 134


[New Target] - 22 - Right Hand - 6/18/2013 11:10:41 AM

[New Target] - 23 - Left Hand - 6/18/2013 11:10:41 AM
Target collected sound played.
Target collected sound played.
Score increased sound played.
Score: 152


[New Target] - 24 - Right Hand - 6/18/2013 11:10:50 AM

[New Target] - 25 - Left Hand - 6/18/2013 11:10:50 AM
Target collected sound played.
Target collected sound played.
Score increased sound played.
Score: 169


[New Target] - 26 - Right Hand - 6/18/2013 11:10:57 AM

[New Target] - 27 - Left Hand - 6/18/2013 11:10:57 AM
Target collected sound played.
Target collected sound played.
Score increased sound played.
Score: 188


[New Target] - 28 - Right Hand - 6/18/2013 11:11:02 AM

[New Target] - 29 - Left Hand - 6/18/2013 11:11:02 AM
Target collected sound played.
Target collected sound played.
Target collected sound played.
Target collected sound played.
Target collected sound played.
Target collected sound played.
Score increased sound played.
Score: 206
Level 4 background music is now playing


[New Target] - 30 - Right Hand - 6/18/2013 11:11:09 AM

[New Target] - 31 - Left Hand - 6/18/2013 11:11:09 AM
Target collected sound played.
Target collected sound played.
Target collected sound played.
Target collected sound played.
Target collected sound played.
Target collected sound played.
Score increased sound played.
Score: 230


[New Target] - 32 - Right Hand - 6/18/2013 11:11:15 AM

[New Target] - 33 - Left Hand - 6/18/2013 11:11:15 AM
Target collected sound played.
Target collected sound played.
Score increased sound played.
Score: 254


[New Target] - 34 - Right Hand - 6/18/2013 11:11:20 AM

[New Target] - 35 - Left Hand - 6/18/2013 11:11:20 AM
Target collected sound played.
Target collected sound played.
Target collected sound played.
Target collected sound played.
Target collected sound played.
Target collected sound played.
Target collected sound played.
Target collected sound played.
Score increased sound played.
Score: 277


[New Target] - 36 - Right Hand - 6/18/2013 11:11:26 AM

[New Target] - 37 - Left Hand - 6/18/2013 11:11:26 AM
Target collected sound played.
Target collected sound played.
Target collected sound played.
Target collected sound played.
Target collected sound played.
Target collected sound played.
Target collected sound played.
Target collected sound played.
Target collected sound played.
Target collected sound played.
Target collected sound played.
Score increased sound played.
Score: 300


[New Target] - 38 - Right Hand - 6/18/2013 11:11:32 AM

[New Target] - 39 - Left Hand - 6/18/2013 11:11:32 AM
Target collected sound played.
Target collected sound played.
Target collected sound played.
Target collected sound played.
Target collected sound played.
Target collected sound played.
Target collected sound played.
Score increased sound played.
Score: 325
Game over
Sad 'Game Over' music is now playing...
Game shut down
Input component shut down
Sound component shut down
Logic component shut down
Input component created
Logic component created
Sound component created
Game created
PsMoveSharp Message: Initial recieve buffer size: 8192
PsMoveSharp Message: Expanded recieve buffer size: 655360
Input component initialized
Logic component initialized
Sound content has been loaded
Sound component initialized
All content loaded
Game Initialized...
Score: 0
Game calibrating sound is now playing...
Calibration: UpperLeft - {X:-756 Y:400}
Calibration: LowerLeft - {X:-739 Y:-570}
Calibration: UpperRight - {X:802 Y:438}
Calibration: LowerRight - {X:787 Y:-696}
Calibration: RightShoulder - {X:181 Y:-62}
Level 1 background music is now playing

[New Target] - -1 - Left Hand - 6/18/2013 11:13:39 AM
Target collected sound played.
Score increased sound played.
Score: 9

[New Target] - -1 - Left Hand - 6/18/2013 11:13:45 AM
Target collected sound played.
Score increased sound played.
Score: 19

[New Target] - -1 - Left Hand - 6/18/2013 11:13:51 AM
Target collected sound played.
Score increased sound played.
Score: 29

[New Target] - -1 - Left Hand - 6/18/2013 11:13:55 AM
Target collected sound played.
Score increased sound played.
Score: 39

[New Target] - -1 - Left Hand - 6/18/2013 11:13:59 AM
Target collected sound played.
Score increased sound played.
Score: 49

[New Target] - -1 - Left Hand - 6/18/2013 11:14:04 AM
Target collected sound played.
Score increased sound played.
Score: 59

[New Target] - -1 - Left Hand - 6/18/2013 11:14:09 AM
Target collected sound played.
Score increased sound played.
Score: 69

[New Target] - -1 - Left Hand - 6/18/2013 11:14:14 AM
Target collected sound played.
Score increased sound played.
Score: 79

[New Target] - -1 - Left Hand - 6/18/2013 11:14:19 AM
Target collected sound played.
Score increased sound played.
Score: 88

[New Target] - -1 - Left Hand - 6/18/2013 11:14:25 AM
Target collected sound played.
Score increased sound played.
Score: 98
Game over
Sad 'Game Over' music is now playing...
Game shut down
Input component shut down
Sound component shut down
Logic component shut down
