[Start Time] - 6/16/2013 9:59:23 AM
Input component created
Logic component created
Sound component created
Game created
PsMoveSharp Message: Initial recieve buffer size: 8192
PsMoveSharp Message: Expanded recieve buffer size: 655360
Input component initialized
Logic component initialized
Sound content has been loaded
Sound component initialized
All content loaded
Game Initialized...
Score: 0
Game calibrating sound is now playing...
Calibration: UpperLeft - {X:-733 Y:442}
Calibration: LowerLeft - {X:-762 Y:-569}
Calibration: UpperRight - {X:724 Y:433}
Calibration: LowerRight - {X:644 Y:-759}
Calibration: RightShoulder - {X:159 Y:-52}
Level 1 background music is now playing

[New Target] - -1 - Left Hand - 6/16/2013 10:00:27 AM
Target collected sound played.
Score increased sound played.
Score: 10

[New Target] - -1 - Left Hand - 6/16/2013 10:00:34 AM
Game over
Sad 'Game Over' music is now playing...
Score decreased sound played.
Score: 0
Level 1 background music is now playing

[New Target] - -1 - Left Hand - 6/16/2013 10:00:49 AM
Target collected sound played.
Score increased sound played.
Score: 10

[New Target] - -1 - Left Hand - 6/16/2013 10:00:55 AM
Target collected sound played.
Score increased sound played.
Score: 20

[New Target] - -1 - Left Hand - 6/16/2013 10:01:01 AM
Game over
Sad 'Game Over' music is now playing...
Score decreased sound played.
Score: 0
Level 1 background music is now playing


[New Target] - 3 - Right Hand - 6/16/2013 10:01:14 AM

[New Target] - 4 - Left Hand - 6/16/2013 10:01:14 AM
Target collected sound played.
Target collected sound played.
Score increased sound played.
Score: 1


[New Target] - 5 - Right Hand - 6/16/2013 10:01:42 AM

[New Target] - 6 - Left Hand - 6/16/2013 10:01:42 AM
Target collected sound played.
Target collected sound played.
Score increased sound played.
Score: 4


[New Target] - 7 - Right Hand - 6/16/2013 10:01:59 AM

[New Target] - 8 - Left Hand - 6/16/2013 10:01:59 AM
Target collected sound played.
Target collected sound played.
Score increased sound played.
Score: 13


[New Target] - 9 - Right Hand - 6/16/2013 10:02:07 AM

[New Target] - 10 - Left Hand - 6/16/2013 10:02:07 AM
Game over
Sad 'Game Over' music is now playing...
Game shut down
Input component shut down
Sound component shut down
Logic component shut down
