[Start Time] - 6/11/2013 3:12:59 PM
Input component created
Logic component created
Sound component created
Game created
PsMoveSharp Message: Initial recieve buffer size: 8192
PsMoveSharp Message: Expanded recieve buffer size: 655360
Input component initialized
Logic component initialized
Sound content has been loaded
Sound component initialized
All content loaded
Game Initialized...
Score: 0
Game calibrating sound is now playing...
Calibration: UpperLeft - {X:-775 Y:395}
Calibration: LowerLeft - {X:-732 Y:-626}
Calibration: UpperRight - {X:740 Y:462}
Calibration: LowerRight - {X:728 Y:-695}
Calibration: RightShoulder - {X:210 Y:-32}
Level 1 background music is now playing


[New Target] - 0 - Right Hand - 6/11/2013 3:13:27 PM
[Duplicate Target] - 0 - Left Hand - 6/11/2013 3:13:27 PM
Target collected sound played.
Target collected sound played.
Score increased sound played.
Score: 5


[New Target] - 1 - Right Hand - 6/11/2013 3:13:42 PM
[Duplicate Target] - 1 - Left Hand - 6/11/2013 3:13:42 PM
Target collected sound played.
Target collected sound played.
Score increased sound played.
Score: 10


[New Target] - 2 - Right Hand - 6/11/2013 3:13:56 PM
[Duplicate Target] - 2 - Left Hand - 6/11/2013 3:13:56 PM
Target collected sound played.
Target collected sound played.
Score increased sound played.
Score: 17


[New Target] - 3 - Right Hand - 6/11/2013 3:14:12 PM
[Duplicate Target] - 3 - Left Hand - 6/11/2013 3:14:12 PM
Game over
Sad 'Game Over' music is now playing...
Game shut down
Input component shut down
Sound component shut down
Logic component shut down
