[Start Time] - 6/15/2013 11:50:00 AM
Input component created
Logic component created
Sound component created
Game created
PsMoveSharp Message: Initial recieve buffer size: 8192
PsMoveSharp Message: Expanded recieve buffer size: 655360
Input component initialized
Logic component initialized
Sound content has been loaded
Sound component initialized
All content loaded
Game Initialized...
Score: 0
Game calibrating sound is now playing...
Calibration: UpperLeft - {X:-844 Y:409}
Calibration: LowerLeft - {X:-786 Y:-556}
Calibration: UpperRight - {X:707 Y:440}
Calibration: LowerRight - {X:623 Y:-742}
Calibration: RightShoulder - {X:145 Y:-66}
Level 1 background music is now playing

[New Target] - -1 - Left Hand - 6/15/2013 11:50:32 AM
Target collected sound played.
Score increased sound played.
Score: 10

[New Target] - -1 - Left Hand - 6/15/2013 11:50:38 AM
Target collected sound played.
Score increased sound played.
Score: 20

[New Target] - -1 - Left Hand - 6/15/2013 11:50:43 AM
Target collected sound played.
Score increased sound played.
Score: 30

[New Target] - -1 - Left Hand - 6/15/2013 11:50:48 AM
Target collected sound played.
Score increased sound played.
Score: 40

[New Target] - -1 - Left Hand - 6/15/2013 11:50:53 AM
Target collected sound played.
Score increased sound played.
Score: 50

[New Target] - -1 - Left Hand - 6/15/2013 11:50:58 AM
Target collected sound played.
Score increased sound played.
Score: 60

[New Target] - -1 - Left Hand - 6/15/2013 11:51:02 AM
Target collected sound played.
Score increased sound played.
Score: 70

[New Target] - -1 - Left Hand - 6/15/2013 11:51:07 AM
Target collected sound played.
Score increased sound played.
Score: 80

[New Target] - -1 - Left Hand - 6/15/2013 11:51:12 AM
Target collected sound played.
Score increased sound played.
Score: 90

[New Target] - -1 - Left Hand - 6/15/2013 11:51:17 AM
Target collected sound played.
Score increased sound played.
Score: 100
Game over
Sad 'Game Over' music is now playing...
Score decreased sound played.
Score: 0
Level 1 background music is now playing

[New Target] - -1 - Left Hand - 6/15/2013 11:51:38 AM
Target collected sound played.
Score increased sound played.
Score: 10

[New Target] - -1 - Left Hand - 6/15/2013 11:51:44 AM
Target collected sound played.
Score increased sound played.
Score: 20

[New Target] - -1 - Left Hand - 6/15/2013 11:51:49 AM
Target collected sound played.
Score increased sound played.
Score: 30

[New Target] - -1 - Left Hand - 6/15/2013 11:51:54 AM
Target collected sound played.
Score increased sound played.
Score: 39

[New Target] - -1 - Left Hand - 6/15/2013 11:52:00 AM
Target collected sound played.
Score increased sound played.
Score: 49
Level 2 background music is now playing

[New Target] - -1 - Left Hand - 6/15/2013 11:52:06 AM
Target collected sound played.
Score increased sound played.
Score: 63

[New Target] - -1 - Left Hand - 6/15/2013 11:52:12 AM
Target collected sound played.
Score increased sound played.
Score: 77

[New Target] - -1 - Left Hand - 6/15/2013 11:52:17 AM
Target collected sound played.
Score increased sound played.
Score: 91

[New Target] - -1 - Left Hand - 6/15/2013 11:52:22 AM
Target collected sound played.
Score increased sound played.
Score: 106

[New Target] - -1 - Left Hand - 6/15/2013 11:52:26 AM
Target collected sound played.
Score increased sound played.
Score: 121
Level 3 background music is now playing

[New Target] - -1 - Left Hand - 6/15/2013 11:52:32 AM
Target collected sound played.
Score increased sound played.
Score: 140

[New Target] - -1 - Left Hand - 6/15/2013 11:52:37 AM
Target collected sound played.
Score increased sound played.
Score: 159

[New Target] - -1 - Left Hand - 6/15/2013 11:52:42 AM
Target collected sound played.
Score increased sound played.
Score: 178

[New Target] - -1 - Left Hand - 6/15/2013 11:52:47 AM
Target collected sound played.
Score increased sound played.
Score: 197

[New Target] - -1 - Left Hand - 6/15/2013 11:52:53 AM
Target collected sound played.
Score increased sound played.
Score: 216
Level 4 background music is now playing

[New Target] - -1 - Left Hand - 6/15/2013 11:53:00 AM
Target collected sound played.
Score increased sound played.
Score: 240

[New Target] - -1 - Left Hand - 6/15/2013 11:53:05 AM
Target collected sound played.
Score increased sound played.
Score: 263

[New Target] - -1 - Left Hand - 6/15/2013 11:53:11 AM
Target collected sound played.
Score increased sound played.
Score: 287

[New Target] - -1 - Left Hand - 6/15/2013 11:53:16 AM
Target collected sound played.
Score increased sound played.
Score: 311

[New Target] - -1 - Left Hand - 6/15/2013 11:53:21 AM
Target collected sound played.
Score increased sound played.
Score: 335
Game over
Sad 'Game Over' music is now playing...
Score decreased sound played.
Score: 0
Game over
