[Start Time] - 6/11/2013 2:01:51 PM
Input component created
Logic component created
Sound component created
Game created
PsMoveSharp Message: Initial recieve buffer size: 8192
PsMoveSharp Message: Expanded recieve buffer size: 655360
Input component initialized
Logic component initialized
Sound content has been loaded
Sound component initialized
All content loaded
Game Initialized...
Score: 0
Game calibrating sound is now playing...
Calibration: UpperLeft - {X:-638 Y:430}
Calibration: LowerLeft - {X:-643 Y:-674}
Calibration: UpperRight - {X:680 Y:434}
Calibration: LowerRight - {X:622 Y:-712}
Calibration: RightShoulder - {X:132 Y:-34}
Level 1 background music is now playing


[New Target] - 0 - Right Hand - 6/11/2013 2:03:14 PM
[Duplicate Target] - 0 - Left Hand - 6/11/2013 2:03:14 PM
Score increased sound played.
Score: 5


[New Target] - 1 - Right Hand - 6/11/2013 2:03:31 PM
[Duplicate Target] - 1 - Left Hand - 6/11/2013 2:03:31 PM
Score increased sound played.
Score: 13


[New Target] - 2 - Right Hand - 6/11/2013 2:03:41 PM
[Duplicate Target] - 2 - Left Hand - 6/11/2013 2:03:41 PM
Score increased sound played.
Score: 20


[New Target] - 3 - Right Hand - 6/11/2013 2:03:51 PM
[Duplicate Target] - 3 - Left Hand - 6/11/2013 2:03:51 PM
Game over
Sad 'Game Over' music is now playing...
Game shut down
Input component shut down
Sound component shut down
Logic component shut down
