[Start Time] - 6/17/2013 11:36:48 AM
Input component created
Logic component created
Sound component created
Game created
PsMoveSharp Message: Initial recieve buffer size: 8192
PsMoveSharp Message: Expanded recieve buffer size: 655360
Input component initialized
Logic component initialized
Sound content has been loaded
Sound component initialized
All content loaded
Game Initialized...
Score: 0
Game calibrating sound is now playing...
Calibration: UpperLeft - {X:-722 Y:499}
Calibration: LowerLeft - {X:-706 Y:-521}
Calibration: UpperRight - {X:753 Y:546}
Calibration: LowerRight - {X:706 Y:-681}
Calibration: RightShoulder - {X:157 Y:-11}
Level 1 background music is now playing

[New Target] - -1 - Left Hand - 6/17/2013 11:38:07 AM
Target collected sound played.
Score increased sound played.
Score: 9

[New Target] - -1 - Left Hand - 6/17/2013 11:38:15 AM
Target collected sound played.
Score increased sound played.
Score: 18

[New Target] - -1 - Left Hand - 6/17/2013 11:38:21 AM
Target collected sound played.
Score increased sound played.
Score: 27

[New Target] - -1 - Left Hand - 6/17/2013 11:38:29 AM
Target collected sound played.
Score increased sound played.
Score: 37

[New Target] - -1 - Left Hand - 6/17/2013 11:38:34 AM
Target collected sound played.
Score increased sound played.
Score: 47

[New Target] - -1 - Left Hand - 6/17/2013 11:38:39 AM
Target collected sound played.
Score increased sound played.
Score: 57

[New Target] - -1 - Left Hand - 6/17/2013 11:38:44 AM
Target collected sound played.
Score increased sound played.
Score: 67

[New Target] - -1 - Left Hand - 6/17/2013 11:38:48 AM
Target collected sound played.
Score increased sound played.
Score: 77

[New Target] - -1 - Left Hand - 6/17/2013 11:38:53 AM
Target collected sound played.
Score increased sound played.
Score: 87

[New Target] - -1 - Left Hand - 6/17/2013 11:38:58 AM
Target collected sound played.
Score increased sound played.
Score: 97
Game over
Sad 'Game Over' music is now playing...
Game shut down
Input component shut down
Sound component shut down
Logic component shut down
