[Start Time] - 6/16/2013 10:18:23 AM
Input component created
Logic component created
Sound component created
Game created
PsMoveSharp Message: Initial recieve buffer size: 8192
PsMoveSharp Message: Expanded recieve buffer size: 655360
Input component initialized
Logic component initialized
Sound content has been loaded
Sound component initialized
All content loaded
Game Initialized...
Score: 0
Game calibrating sound is now playing...
Calibration: UpperLeft - {X:-713 Y:438}
Calibration: LowerLeft - {X:-752 Y:-551}
Calibration: UpperRight - {X:754 Y:452}
Calibration: LowerRight - {X:651 Y:-770}
Calibration: RightShoulder - {X:153 Y:-51}
Level 1 background music is now playing

[New Target] - -1 - Left Hand - 6/16/2013 10:18:53 AM
Target collected sound played.
Score increased sound played.
Score: 10

[New Target] - -1 - Left Hand - 6/16/2013 10:18:59 AM
Target collected sound played.
Score increased sound played.
Score: 19

[New Target] - -1 - Left Hand - 6/16/2013 10:19:06 AM
Game over
Sad 'Game Over' music is now playing...
Score decreased sound played.
Score: 0
Level 1 background music is now playing

