[Start Time] - 6/12/2013 10:00:57 AM
Input component created
Logic component created
Sound component created
Game created
PsMoveSharp Message: Initial recieve buffer size: 8192
PsMoveSharp Message: Expanded recieve buffer size: 655360
Input component initialized
Logic component initialized
Sound content has been loaded
Sound component initialized
All content loaded
Game Initialized...
Score: 0
Game calibrating sound is now playing...
Calibration: UpperLeft - {X:-778 Y:395}
Calibration: LowerLeft - {X:-726 Y:-612}
Calibration: UpperRight - {X:754 Y:461}
Calibration: LowerRight - {X:603 Y:-747}
Calibration: RightShoulder - {X:159 Y:-95}
Level 1 background music is now playing


[New Target] - 0 - Right Hand - 6/12/2013 10:01:28 AM

[New Target] - 1 - Left Hand - 6/12/2013 10:01:28 AM
Target collected sound played.
Target collected sound played.
Score increased sound played.
Score: 9


[New Target] - 2 - Right Hand - 6/12/2013 10:01:37 AM

[New Target] - 3 - Left Hand - 6/12/2013 10:01:37 AM
Target collected sound played.
Target collected sound played.
Score increased sound played.
Score: 17


[New Target] - 4 - Right Hand - 6/12/2013 10:01:46 AM

[New Target] - 5 - Left Hand - 6/12/2013 10:01:46 AM
Game over
Sad 'Game Over' music is now playing...
Game shut down
Input component shut down
Sound component shut down
Logic component shut down
