[Start Time] - 6/12/2013 9:43:03 AM
Input component created
Logic component created
Sound component created
Game created
PsMoveSharp Message: Initial recieve buffer size: 8192
PsMoveSharp Message: Expanded recieve buffer size: 655360
Input component initialized
Logic component initialized
Sound content has been loaded
Sound component initialized
All content loaded
Game Initialized...
Score: 0
Game calibrating sound is now playing...
Calibration: UpperLeft - {X:-782 Y:406}
Calibration: LowerLeft - {X:-782 Y:-612}
Calibration: UpperRight - {X:708 Y:446}
Calibration: LowerRight - {X:639 Y:-714}
Calibration: RightShoulder - {X:140 Y:-43}
Level 1 background music is now playing


[New Target] - 0 - Right Hand - 6/12/2013 9:43:31 AM
[Duplicate Target] - 0 - Left Hand - 6/12/2013 9:43:31 AM
Target collected sound played.
Score increased sound played.
Score: 7


[New Target] - 1 - Right Hand - 6/12/2013 9:43:42 AM
[Duplicate Target] - 1 - Left Hand - 6/12/2013 9:43:42 AM
Target collected sound played.
Score increased sound played.
Score: 12


[New Target] - 2 - Right Hand - 6/12/2013 9:43:58 AM
[Duplicate Target] - 2 - Left Hand - 6/12/2013 9:43:58 AM
Target collected sound played.
Score increased sound played.
Score: 19


[New Target] - 3 - Right Hand - 6/12/2013 9:44:08 AM
[Duplicate Target] - 3 - Left Hand - 6/12/2013 9:44:08 AM
Game over
Sad 'Game Over' music is now playing...
Game shut down
Input component shut down
Sound component shut down
Logic component shut down
