[Start Time] - 6/16/2013 10:24:40 AM
Input component created
Logic component created
Sound component created
Game created
PsMoveSharp Message: Initial recieve buffer size: 8192
PsMoveSharp Message: Expanded recieve buffer size: 655360
Input component initialized
Logic component initialized
Sound content has been loaded
Sound component initialized
All content loaded
Game Initialized...
Score: 0
Game calibrating sound is now playing...
Calibration: UpperLeft - {X:-800 Y:408}
Calibration: LowerLeft - {X:-737 Y:-585}
Calibration: UpperRight - {X:770 Y:414}
Calibration: LowerRight - {X:618 Y:-756}
Calibration: RightShoulder - {X:177 Y:-81}
Level 1 background music is now playing

[New Target] - -1 - Left Hand - 6/16/2013 10:25:14 AM
Target collected sound played.
Score increased sound played.
Score: 10

[New Target] - -1 - Left Hand - 6/16/2013 10:25:19 AM
Target collected sound played.
Score increased sound played.
Score: 20

[New Target] - -1 - Left Hand - 6/16/2013 10:25:24 AM
Game over
Sad 'Game Over' music is now playing...
Score decreased sound played.
Score: 0
Score: 0
Level 1 background music is now playing


[New Target] - 0 - Right Hand - 6/16/2013 10:26:44 AM

[New Target] - 1 - Left Hand - 6/16/2013 10:26:44 AM
Target collected sound played.
Target collected sound played.
Score increased sound played.
Score: 4


[New Target] - 2 - Right Hand - 6/16/2013 10:26:57 AM

[New Target] - 3 - Left Hand - 6/16/2013 10:26:57 AM
Target collected sound played.
Target collected sound played.
Score increased sound played.
Score: 13


[New Target] - 4 - Right Hand - 6/16/2013 10:27:06 AM

[New Target] - 5 - Left Hand - 6/16/2013 10:27:06 AM
Game over
Sad 'Game Over' music is now playing...
Game shut down
Input component shut down
Sound component shut down
Logic component shut down
