[Start Time] - 6/15/2013 11:44:49 AM
Input component created
Logic component created
Sound component created
Game created
PsMoveSharp Message: Initial recieve buffer size: 8192
PsMoveSharp Message: Expanded recieve buffer size: 655360
Input component initialized
Logic component initialized
Sound content has been loaded
Sound component initialized
All content loaded
Game Initialized...
Score: 0
Game calibrating sound is now playing...
Calibration: UpperLeft - {X:-769 Y:405}
Calibration: LowerLeft - {X:-743 Y:-555}
Calibration: UpperRight - {X:711 Y:489}
Calibration: LowerRight - {X:701 Y:-695}
Calibration: RightShoulder - {X:200 Y:-44}
Level 1 background music is now playing

[New Target] - -1 - Left Hand - 6/15/2013 11:45:12 AM
Target collected sound played.
Score increased sound played.
Score: 10

[New Target] - -1 - Left Hand - 6/15/2013 11:45:17 AM
Target collected sound played.
Score increased sound played.
Score: 20

[New Target] - -1 - Left Hand - 6/15/2013 11:45:22 AM
Target collected sound played.
Score increased sound played.
Score: 30

[New Target] - -1 - Left Hand - 6/15/2013 11:45:27 AM
Target collected sound played.
Score increased sound played.
Score: 40

[New Target] - -1 - Left Hand - 6/15/2013 11:45:31 AM
Target collected sound played.
Score increased sound played.
Score: 50
