[Start Time] - 6/16/2013 10:36:06 AM
Input component created
Logic component created
Sound component created
Game created
PsMoveSharp Message: Initial recieve buffer size: 8192
PsMoveSharp Message: Expanded recieve buffer size: 655360
Input component initialized
Logic component initialized
Sound content has been loaded
Sound component initialized
All content loaded
Game Initialized...
Score: 0
Game calibrating sound is now playing...
Calibration: UpperLeft - {X:-718 Y:446}
Calibration: LowerLeft - {X:-740 Y:-566}
Calibration: UpperRight - {X:764 Y:403}
Calibration: LowerRight - {X:638 Y:-744}
Calibration: RightShoulder - {X:156 Y:-74}
Level 1 background music is now playing

[New Target] - -1 - Left Hand - 6/16/2013 10:36:53 AM
Target collected sound played.
Score increased sound played.
Score: 9

[New Target] - -1 - Left Hand - 6/16/2013 10:37:00 AM
Target collected sound played.
Score increased sound played.
Score: 19

[New Target] - -1 - Left Hand - 6/16/2013 10:37:06 AM
Target collected sound played.
Score increased sound played.
Score: 29

[New Target] - -1 - Left Hand - 6/16/2013 10:37:10 AM
Target collected sound played.
Score increased sound played.
Score: 39

[New Target] - -1 - Left Hand - 6/16/2013 10:37:15 AM
Target collected sound played.
Score increased sound played.
Score: 49

[New Target] - -1 - Left Hand - 6/16/2013 10:37:20 AM
Target collected sound played.
Score increased sound played.
Score: 59

[New Target] - -1 - Left Hand - 6/16/2013 10:37:25 AM
Target collected sound played.
Score increased sound played.
Score: 69

[New Target] - -1 - Left Hand - 6/16/2013 10:37:30 AM
Target collected sound played.
Score increased sound played.
Score: 79

[New Target] - -1 - Left Hand - 6/16/2013 10:37:35 AM
Target collected sound played.
Score increased sound played.
Score: 89

[New Target] - -1 - Left Hand - 6/16/2013 10:37:39 AM
Target collected sound played.
Score increased sound played.
Score: 99
Game over
Sad 'Game Over' music is now playing...
Score decreased sound played.
Score: 0
Level 1 background music is now playing

[New Target] - -1 - Left Hand - 6/16/2013 10:37:57 AM
Target collected sound played.
Score increased sound played.
Score: 10

[New Target] - -1 - Left Hand - 6/16/2013 10:38:03 AM
Target collected sound played.
Score increased sound played.
Score: 20

[New Target] - -1 - Left Hand - 6/16/2013 10:38:08 AM
Target collected sound played.
Score increased sound played.
Score: 30

[New Target] - -1 - Left Hand - 6/16/2013 10:38:13 AM
Target collected sound played.
Score increased sound played.
Score: 40

[New Target] - -1 - Left Hand - 6/16/2013 10:38:17 AM
Target collected sound played.
Score increased sound played.
Score: 50
Level 2 background music is now playing

[New Target] - -1 - Left Hand - 6/16/2013 10:38:24 AM
Target collected sound played.
Score increased sound played.
Score: 64

[New Target] - -1 - Left Hand - 6/16/2013 10:38:29 AM
Target collected sound played.
Score increased sound played.
Score: 79

[New Target] - -1 - Left Hand - 6/16/2013 10:38:34 AM
Target collected sound played.
Score increased sound played.
Score: 94

[New Target] - -1 - Left Hand - 6/16/2013 10:38:39 AM
Target collected sound played.
Score increased sound played.
Score: 109

[New Target] - -1 - Left Hand - 6/16/2013 10:38:43 AM
Target collected sound played.
Score increased sound played.
Score: 124
Level 3 background music is now playing

[New Target] - -1 - Left Hand - 6/16/2013 10:38:50 AM
Target collected sound played.
Score increased sound played.
Score: 143

[New Target] - -1 - Left Hand - 6/16/2013 10:38:55 AM
Target collected sound played.
Score increased sound played.
Score: 162

[New Target] - -1 - Left Hand - 6/16/2013 10:39:00 AM
Target collected sound played.
Score increased sound played.
Score: 182

[New Target] - -1 - Left Hand - 6/16/2013 10:39:04 AM
Target collected sound played.
Score increased sound played.
Score: 201

[New Target] - -1 - Left Hand - 6/16/2013 10:39:09 AM
Target collected sound played.
Score increased sound played.
Score: 220
Level 4 background music is now playing

[New Target] - -1 - Left Hand - 6/16/2013 10:39:16 AM
Target collected sound played.
Score increased sound played.
Score: 244

[New Target] - -1 - Left Hand - 6/16/2013 10:39:20 AM
Target collected sound played.
Score increased sound played.
Score: 267

[New Target] - -1 - Left Hand - 6/16/2013 10:39:26 AM
Target collected sound played.
Score increased sound played.
Score: 291

[New Target] - -1 - Left Hand - 6/16/2013 10:39:31 AM
Target collected sound played.
Score increased sound played.
Score: 314

[New Target] - -1 - Left Hand - 6/16/2013 10:39:37 AM
Target collected sound played.
Score increased sound played.
Score: 338
Game over
Sad 'Game Over' music is now playing...
Score decreased sound played.
Score: 0
Game over
