[Start Time] - 6/17/2013 1:14:25 PM
Input component created
Logic component created
Sound component created
Game created
PsMoveSharp Message: Initial recieve buffer size: 8192
PsMoveSharp Message: Expanded recieve buffer size: 655360
Input component initialized
Logic component initialized
Sound content has been loaded
Sound component initialized
All content loaded
Game Initialized...
Score: 0
Game calibrating sound is now playing...
Calibration: UpperLeft - {X:-711 Y:431}
Calibration: LowerLeft - {X:-686 Y:-606}
Calibration: UpperRight - {X:770 Y:462}
Calibration: LowerRight - {X:665 Y:-777}
Calibration: RightShoulder - {X:138 Y:-61}
Level 1 background music is now playing

[New Target] - -1 - Left Hand - 6/17/2013 1:14:53 PM
Target collected sound played.
Score increased sound played.
Score: 9

[New Target] - -1 - Left Hand - 6/17/2013 1:15:01 PM
Target collected sound played.
Score increased sound played.
Score: 19

[New Target] - -1 - Left Hand - 6/17/2013 1:15:07 PM
Target collected sound played.
Score increased sound played.
Score: 29

[New Target] - -1 - Left Hand - 6/17/2013 1:15:11 PM
Target collected sound played.
Score increased sound played.
Score: 39

[New Target] - -1 - Left Hand - 6/17/2013 1:15:16 PM
Target collected sound played.
Score increased sound played.
Score: 49

[New Target] - -1 - Left Hand - 6/17/2013 1:15:21 PM
Target collected sound played.
Score increased sound played.
Score: 59

[New Target] - -1 - Left Hand - 6/17/2013 1:15:25 PM
Target collected sound played.
Score increased sound played.
Score: 69

[New Target] - -1 - Left Hand - 6/17/2013 1:15:30 PM
Target collected sound played.
Score increased sound played.
Score: 79

[New Target] - -1 - Left Hand - 6/17/2013 1:15:35 PM
Target collected sound played.
Score increased sound played.
Score: 89

[New Target] - -1 - Left Hand - 6/17/2013 1:15:40 PM
Target collected sound played.
Score increased sound played.
Score: 99
Game over
Sad 'Game Over' music is now playing...
Game shut down
Input component shut down
Sound component shut down
Logic component shut down
