[Start Time] - 6/11/2013 3:06:44 PM
Input component created
Logic component created
Sound component created
Game created
PsMoveSharp Message: Initial recieve buffer size: 8192
PsMoveSharp Message: Expanded recieve buffer size: 655360
Input component initialized
Logic component initialized
Sound content has been loaded
Sound component initialized
All content loaded
Game Initialized...
Score: 0
Game calibrating sound is now playing...
Calibration: UpperLeft - {X:-744 Y:385}
Calibration: LowerLeft - {X:-680 Y:-663}
Calibration: UpperRight - {X:734 Y:473}
Calibration: LowerRight - {X:771 Y:-650}
Calibration: RightShoulder - {X:161 Y:-22}
Level 1 background music is now playing


[New Target] - 0 - Right Hand - 6/11/2013 3:07:23 PM
[Duplicate Target] - 0 - Left Hand - 6/11/2013 3:07:23 PM
Target collected sound played.
Target collected sound played.
Score increased sound played.
Score: 7
Target collected sound played.


[New Target] - 1 - Right Hand - 6/11/2013 3:07:36 PM
[Duplicate Target] - 1 - Left Hand - 6/11/2013 3:07:36 PM
Target collected sound played.
Target collected sound played.
Score increased sound played.
Score: 13
Target collected sound played.


[New Target] - 2 - Right Hand - 6/11/2013 3:07:50 PM
[Duplicate Target] - 2 - Left Hand - 6/11/2013 3:07:50 PM
Target collected sound played.
Target collected sound played.
Score increased sound played.
Score: 20
Target collected sound played.


[New Target] - 3 - Right Hand - 6/11/2013 3:08:11 PM
[Duplicate Target] - 3 - Left Hand - 6/11/2013 3:08:11 PM
Game over
Sad 'Game Over' music is now playing...
Game shut down
Input component shut down
Sound component shut down
Logic component shut down
