[Start Time] - 6/16/2013 10:20:58 AM
Input component created
Logic component created
Sound component created
Game created
PsMoveSharp Message: Initial recieve buffer size: 8192
PsMoveSharp Message: Expanded recieve buffer size: 655360
Input component initialized
Logic component initialized
Sound content has been loaded
Sound component initialized
All content loaded
Game Initialized...
Score: 0
Game calibrating sound is now playing...
Calibration: UpperLeft - {X:-731 Y:416}
Calibration: LowerLeft - {X:-748 Y:-567}
Calibration: UpperRight - {X:771 Y:433}
Calibration: LowerRight - {X:678 Y:-742}
Calibration: RightShoulder - {X:211 Y:-68}
Level 1 background music is now playing

[New Target] - -1 - Left Hand - 6/16/2013 10:21:30 AM
Target collected sound played.
Score increased sound played.
Score: 10

[New Target] - -1 - Left Hand - 6/16/2013 10:21:35 AM
Game over
Sad 'Game Over' music is now playing...
