[Start Time] - 6/11/2013 2:38:39 PM
Input component created
Logic component created
Sound component created
Game created
PsMoveSharp Message: Initial recieve buffer size: 8192
PsMoveSharp Message: Expanded recieve buffer size: 655360
Input component initialized
Logic component initialized
Sound content has been loaded
Sound component initialized
All content loaded
Game Initialized...
Score: 0
Game calibrating sound is now playing...
Calibration: UpperLeft - {X:-715 Y:370}
Calibration: LowerLeft - {X:-705 Y:-632}
Calibration: UpperRight - {X:702 Y:408}
Calibration: LowerRight - {X:665 Y:-668}
Calibration: RightShoulder - {X:131 Y:-43}
Level 1 background music is now playing


[New Target] - 0 - Right Hand - 6/11/2013 2:39:09 PM
[Duplicate Target] - 0 - Left Hand - 6/11/2013 2:39:09 PM
Score increased sound played.
Score: 7


[New Target] - 1 - Right Hand - 6/11/2013 2:39:22 PM
[Duplicate Target] - 1 - Left Hand - 6/11/2013 2:39:22 PM
Score increased sound played.
Score: 12


[New Target] - 2 - Right Hand - 6/11/2013 2:39:37 PM
[Duplicate Target] - 2 - Left Hand - 6/11/2013 2:39:37 PM
Game over
Sad 'Game Over' music is now playing...
Game shut down
Input component shut down
Sound component shut down
Logic component shut down
