[Start Time] - 6/11/2013 3:14:37 PM
Input component created
Logic component created
Sound component created
Game created
PsMoveSharp Message: Initial recieve buffer size: 8192
PsMoveSharp Message: Expanded recieve buffer size: 655360
Input component initialized
Logic component initialized
Sound content has been loaded
Sound component initialized
All content loaded
Game Initialized...
Score: 0
Game calibrating sound is now playing...
Calibration: UpperLeft - {X:-758 Y:407}
Calibration: LowerLeft - {X:-691 Y:-677}
Calibration: UpperRight - {X:769 Y:423}
Calibration: LowerRight - {X:716 Y:-712}
Calibration: RightShoulder - {X:155 Y:-63}
Level 1 background music is now playing

[New Target] - 0 - Right Hand - 6/11/2013 3:15:12 PM
Target collected sound played.
Score increased sound played.
Score: 6

[New Target] - 1 - Left Hand - 6/11/2013 3:15:25 PM
Target collected sound played.
Score increased sound played.
Score: 14

[New Target] - 2 - Right Hand - 6/11/2013 3:15:34 PM
Target collected sound played.
Score increased sound played.
Score: 22

[New Target] - 3 - Left Hand - 6/11/2013 3:15:42 PM
Target collected sound played.
Score increased sound played.
Score: 28

[New Target] - 4 - Right Hand - 6/11/2013 3:15:55 PM
Game over
Sad 'Game Over' music is now playing...
Game shut down
Input component shut down
Sound component shut down
Logic component shut down
